Using pre-set license
Built from '2021.3/staging' branch; Version is '2021.3.6f1 (7da38d85baf6) revision 8233869'; Using compiler version '192829333'; Build Type 'Release'
OS: 'Windows 11  (10.0.22631) 64bit Core' Language: 'es' Physical Memory: 16122 MB
BatchMode: 1, IsHumanControllingUs: 0, StartBugReporterOnCrash: 0, Is64bit: 1, IsPro: 1

COMMAND LINE ARGUMENTS:
C:\Program Files\Unity 2021.3.6f1\Editor\Unity.exe
-adb2
-batchMode
-noUpm
-name
AssetImportWorker1
-projectPath
C:/Users/cholo/Documents/uni/CP/Repositorio Github/PracticaCP/TraficoCP
-logFile
Logs/AssetImportWorker1.log
-srvPort
52221
Successfully changed project path to: C:/Users/cholo/Documents/uni/CP/Repositorio Github/PracticaCP/TraficoCP
C:/Users/cholo/Documents/uni/CP/Repositorio Github/PracticaCP/TraficoCP
[UnityMemory] Configuration Parameters - Can be set up in boot.config
    "memorysetup-bucket-allocator-granularity=16"
    "memorysetup-bucket-allocator-bucket-count=8"
    "memorysetup-bucket-allocator-block-size=33554432"
    "memorysetup-bucket-allocator-block-count=8"
    "memorysetup-main-allocator-block-size=16777216"
    "memorysetup-thread-allocator-block-size=16777216"
    "memorysetup-gfx-main-allocator-block-size=16777216"
    "memorysetup-gfx-thread-allocator-block-size=16777216"
    "memorysetup-cache-allocator-block-size=4194304"
    "memorysetup-typetree-allocator-block-size=2097152"
    "memorysetup-profiler-bucket-allocator-granularity=16"
    "memorysetup-profiler-bucket-allocator-bucket-count=8"
    "memorysetup-profiler-bucket-allocator-block-size=33554432"
    "memorysetup-profiler-bucket-allocator-block-count=8"
    "memorysetup-profiler-allocator-block-size=16777216"
    "memorysetup-profiler-editor-allocator-block-size=1048576"
    "memorysetup-temp-allocator-size-main=16777216"
    "memorysetup-job-temp-allocator-block-size=2097152"
    "memorysetup-job-temp-allocator-block-size-background=1048576"
    "memorysetup-job-temp-allocator-reduction-small-platforms=262144"
    "memorysetup-temp-allocator-size-background-worker=32768"
    "memorysetup-temp-allocator-size-job-worker=262144"
    "memorysetup-temp-allocator-size-preload-manager=33554432"
    "memorysetup-temp-allocator-size-nav-mesh-worker=65536"
    "memorysetup-temp-allocator-size-audio-worker=65536"
    "memorysetup-temp-allocator-size-cloud-worker=32768"
    "memorysetup-temp-allocator-size-gi-baking-worker=262144"
    "memorysetup-temp-allocator-size-gfx=262144"
Refreshing native plugins compatible for Editor in 71.01 ms, found 3 plugins.
Preloading 0 native plugins for Editor in 0.00 ms.
Initialize engine version: 2021.3.6f1 (7da38d85baf6)
[Subsystems] Discovering subsystems at path C:/Program Files/Unity 2021.3.6f1/Editor/Data/Resources/UnitySubsystems
[Subsystems] Discovering subsystems at path C:/Users/cholo/Documents/uni/CP/Repositorio Github/PracticaCP/TraficoCP/Assets
GfxDevice: creating device client; threaded=0; jobified=0
Direct3D:
    Version:  Direct3D 11.0 [level 11.1]
    Renderer: NVIDIA GeForce RTX 3050 Laptop GPU (ID=0x25a2)
    Vendor:   NVIDIA
    VRAM:     3977 MB
    Driver:   31.0.15.3161
Initialize mono
Mono path[0] = 'C:/Program Files/Unity 2021.3.6f1/Editor/Data/Managed'
Mono path[1] = 'C:/Program Files/Unity 2021.3.6f1/Editor/Data/MonoBleedingEdge/lib/mono/unityjit-win32'
Mono config path = 'C:/Program Files/Unity 2021.3.6f1/Editor/Data/MonoBleedingEdge/etc'
Using monoOptions --debugger-agent=transport=dt_socket,embedding=1,server=y,suspend=n,address=127.0.0.1:56636
Begin MonoManager ReloadAssembly
Registering precompiled unity dll's ...
Register platform support module: C:/Program Files/Unity 2021.3.6f1/Editor/Data/PlaybackEngines/WindowsStandaloneSupport/UnityEditor.WindowsStandalone.Extensions.dll
Registered in 0.002888 seconds.
Native extension for WindowsStandalone target not found
Refreshing native plugins compatible for Editor in 71.94 ms, found 3 plugins.
Preloading 0 native plugins for Editor in 0.00 ms.
Mono: successfully reloaded assembly
- Completed reload, in  0.540 seconds
Domain Reload Profiling:
	ReloadAssembly (541ms)
		BeginReloadAssembly (60ms)
			ExecutionOrderSort (0ms)
			DisableScriptedObjects (0ms)
			BackupInstance (0ms)
			ReleaseScriptingObjects (0ms)
			CreateAndSetChildDomain (1ms)
		EndReloadAssembly (387ms)
			LoadAssemblies (58ms)
			RebuildTransferFunctionScriptingTraits (0ms)
			SetupTypeCache (91ms)
			ReleaseScriptCaches (0ms)
			RebuildScriptCaches (24ms)
			SetupLoadedEditorAssemblies (229ms)
				LogAssemblyErrors (0ms)
				InitializePlatformSupportModulesInManaged (6ms)
				SetLoadedEditorAssemblies (0ms)
				RefreshPlugins (72ms)
				BeforeProcessingInitializeOnLoad (2ms)
				ProcessInitializeOnLoadAttributes (112ms)
				ProcessInitializeOnLoadMethodAttributes (37ms)
				AfterProcessingInitializeOnLoad (0ms)
				EditorAssembliesLoaded (0ms)
			ExecutionOrderSort2 (0ms)
			AwakeInstancesAfterBackupRestoration (0ms)
Platform modules already initialized, skipping
Registering precompiled user dll's ...
Registered in 0.004587 seconds.
Begin MonoManager ReloadAssembly
Symbol file LoadedFromMemory doesn't match image C:\Users\cholo\Documents\uni\CP\Repositorio Github\PracticaCP\TraficoCP\Library\PackageCache\com.unity.visualscripting@1.7.8\Editor\VisualScripting.Core\Dependencies\YamlDotNet\Unity.VisualScripting.YamlDotNet.dll
Symbol file LoadedFromMemory doesn't match image C:\Users\cholo\Documents\uni\CP\Repositorio Github\PracticaCP\TraficoCP\Library\PackageCache\com.unity.visualscripting@1.7.8\Editor\VisualScripting.Core\Dependencies\DotNetZip\Unity.VisualScripting.IonicZip.dll
Native extension for WindowsStandalone target not found
Refreshing native plugins compatible for Editor in 0.51 ms, found 3 plugins.
Preloading 0 native plugins for Editor in 0.00 ms.
Mono: successfully reloaded assembly
- Completed reload, in  0.859 seconds
Domain Reload Profiling:
	ReloadAssembly (860ms)
		BeginReloadAssembly (90ms)
			ExecutionOrderSort (0ms)
			DisableScriptedObjects (5ms)
			BackupInstance (0ms)
			ReleaseScriptingObjects (0ms)
			CreateAndSetChildDomain (18ms)
		EndReloadAssembly (682ms)
			LoadAssemblies (66ms)
			RebuildTransferFunctionScriptingTraits (0ms)
			SetupTypeCache (215ms)
			ReleaseScriptCaches (1ms)
			RebuildScriptCaches (55ms)
			SetupLoadedEditorAssemblies (300ms)
				LogAssemblyErrors (0ms)
				InitializePlatformSupportModulesInManaged (4ms)
				SetLoadedEditorAssemblies (0ms)
				RefreshPlugins (1ms)
				BeforeProcessingInitializeOnLoad (73ms)
				ProcessInitializeOnLoadAttributes (191ms)
				ProcessInitializeOnLoadMethodAttributes (26ms)
				AfterProcessingInitializeOnLoad (4ms)
				EditorAssembliesLoaded (0ms)
			ExecutionOrderSort2 (0ms)
			AwakeInstancesAfterBackupRestoration (5ms)
Platform modules already initialized, skipping
========================================================================
Worker process is ready to serve import requests
Launched and connected shader compiler UnityShaderCompiler.exe after 0.03 seconds
Refreshing native plugins compatible for Editor in 0.60 ms, found 3 plugins.
Preloading 0 native plugins for Editor in 0.00 ms.
Unloading 3368 Unused Serialized files (Serialized files now loaded: 0)
Unloading 27 unused Assets / (111.0 KB). Loaded Objects now: 3825.
Memory consumption went from 115.9 MB to 115.8 MB.
Total: 3.436100 ms (FindLiveObjects: 0.282000 ms CreateObjectMapping: 0.118700 ms MarkObjects: 2.914600 ms  DeleteObjects: 0.119100 ms)

AssetImportParameters requested are different than current active one (requested -> active):
  custom:video-decoder-ogg-theora: a1e56fd34408186e4bbccfd4996cb3dc -> 
  custom:container-muxer-webm: aa71ff27fc2769a1b78a27578f13a17b -> 
  custom:container-demuxer-webm: 4f35f7cbe854078d1ac9338744f61a02 -> 
  custom:video-encoder-webm-vp8: eb34c28f22e8b96e1ab97ce403110664 -> 
  custom:video-codec-MediaFoundation-h265: 746d11721c4dcdbdad8f713fa42b33f4 -> 
  custom:audio-encoder-webm-vorbis: bf7c407c2cedff20999df2af8eb42d56 -> 
  custom:framework-win-MediaFoundation: 216162199b28c13a410421893ffa2e32 -> 
  custom:container-demuxer-ogg: 62fdf1f143b41e24485cea50d1cbac27 -> 
  custom:video-decoder-webm-vp8: 9c59270c3fd7afecdb556c50c9e8de78 -> 
  custom:audio-decoder-ogg-vorbis: bf7c407c2cedff20999df2af8eb42d56 -> 
========================================================================
Received Import Request.
  Time since last request: 62770.484937 seconds.
  path: Assets/SimplePoly City - Low Poly Assets/Materials/Building Sky_big_color02.mat
  artifactKey: Guid(ba66acee62948c24baacd1186810d424) Importer(815301076,1909f56bfc062723c751e8b465ee728b)
Start importing Assets/SimplePoly City - Low Poly Assets/Materials/Building Sky_big_color02.mat using Guid(ba66acee62948c24baacd1186810d424) Importer(815301076,1909f56bfc062723c751e8b465ee728b)  -> (artifact id: 'fff7b4743525a02a260f6a6f140942e4') in 0.255694 seconds 
========================================================================
Received Import Request.
  Time since last request: 0.000023 seconds.
  path: Assets/SimplePoly City - Low Poly Assets/Materials/Vehicle_Truck_color01.mat
  artifactKey: Guid(8d937782c962a9044a28c21514c73ffb) Importer(815301076,1909f56bfc062723c751e8b465ee728b)
Start importing Assets/SimplePoly City - Low Poly Assets/Materials/Vehicle_Truck_color01.mat using Guid(8d937782c962a9044a28c21514c73ffb) Importer(815301076,1909f56bfc062723c751e8b465ee728b)  -> (artifact id: 'c5c4e272a5d2eab9ce8e77b593b50fd6') in 0.015599 seconds 
========================================================================
Received Import Request.
  Time since last request: 0.000028 seconds.
  path: Assets/SimplePoly City - Low Poly Assets/Materials/Vehicle_SUV_color02.mat
  artifactKey: Guid(6635f2e276b1e904bb60b1e67d0853da) Importer(815301076,1909f56bfc062723c751e8b465ee728b)
Start importing Assets/SimplePoly City - Low Poly Assets/Materials/Vehicle_SUV_color02.mat using Guid(6635f2e276b1e904bb60b1e67d0853da) Importer(815301076,1909f56bfc062723c751e8b465ee728b)  -> (artifact id: '61e891cdc362f1c7afcd4e8f44d90bed') in 0.015438 seconds 
========================================================================
Received Import Request.
  Time since last request: 0.000021 seconds.
  path: Assets/SimplePoly City - Low Poly Assets/Materials/Vehicle_Container_color02.mat
  artifactKey: Guid(28c4d6fc3a6598a49bd5947f62155562) Importer(815301076,1909f56bfc062723c751e8b465ee728b)
Start importing Assets/SimplePoly City - Low Poly Assets/Materials/Vehicle_Container_color02.mat using Guid(28c4d6fc3a6598a49bd5947f62155562) Importer(815301076,1909f56bfc062723c751e8b465ee728b)  -> (artifact id: 'b2e67ae16bb402ca81f59430b7180406') in 0.013770 seconds 
========================================================================
Received Import Request.
  Time since last request: 0.000023 seconds.
  path: Assets/SimplePoly City - Low Poly Assets/Materials/Props_BillBoard_medium.mat
  artifactKey: Guid(8a98f40ab24c33a4cb2d6dd96393db82) Importer(815301076,1909f56bfc062723c751e8b465ee728b)
Start importing Assets/SimplePoly City - Low Poly Assets/Materials/Props_BillBoard_medium.mat using Guid(8a98f40ab24c33a4cb2d6dd96393db82) Importer(815301076,1909f56bfc062723c751e8b465ee728b)  -> (artifact id: 'ff823910d2f9699f6449826c9f1d24ec') in 0.019466 seconds 
========================================================================
Received Import Request.
  Time since last request: 0.000028 seconds.
  path: Assets/SimplePoly City - Low Poly Assets/Materials/Vehicle_Bus_color02.mat
  artifactKey: Guid(1ff3955181d667949a055e4e15ec3e8a) Importer(815301076,1909f56bfc062723c751e8b465ee728b)
Start importing Assets/SimplePoly City - Low Poly Assets/Materials/Vehicle_Bus_color02.mat using Guid(1ff3955181d667949a055e4e15ec3e8a) Importer(815301076,1909f56bfc062723c751e8b465ee728b)  -> (artifact id: 'e6dee44c4f36d78dbe74146b61aa0945') in 0.017851 seconds 
========================================================================
Received Import Request.
  Time since last request: 0.000026 seconds.
  path: Assets/SimplePoly City - Low Poly Assets/Materials/Vehicle_SUV_color03.mat
  artifactKey: Guid(66866c7f5319a2d4ab19d87f65b08692) Importer(815301076,1909f56bfc062723c751e8b465ee728b)
Start importing Assets/SimplePoly City - Low Poly Assets/Materials/Vehicle_SUV_color03.mat using Guid(66866c7f5319a2d4ab19d87f65b08692) Importer(815301076,1909f56bfc062723c751e8b465ee728b)  -> (artifact id: 'bccae94f770798bd3eef03ac063930d0') in 0.015143 seconds 
========================================================================
Received Import Request.
  Time since last request: 0.000028 seconds.
  path: Assets/SimplePoly City - Low Poly Assets/Materials/Building_Residential_color02.mat
  artifactKey: Guid(032dad8ae2ae60a4b9cb4d7267132a1d) Importer(815301076,1909f56bfc062723c751e8b465ee728b)
Start importing Assets/SimplePoly City - Low Poly Assets/Materials/Building_Residential_color02.mat using Guid(032dad8ae2ae60a4b9cb4d7267132a1d) Importer(815301076,1909f56bfc062723c751e8b465ee728b)  -> (artifact id: 'ba3592f8b4e04a922d4640a03014286f') in 0.015953 seconds 
========================================================================
Received Import Request.
  Time since last request: 0.000033 seconds.
  path: Assets/SimplePoly City - Low Poly Assets/Materials/Building Sky_big_color03.mat
  artifactKey: Guid(a1a61be9dd7e91b4faec2c4eb7ca4e8c) Importer(815301076,1909f56bfc062723c751e8b465ee728b)
Start importing Assets/SimplePoly City - Low Poly Assets/Materials/Building Sky_big_color03.mat using Guid(a1a61be9dd7e91b4faec2c4eb7ca4e8c) Importer(815301076,1909f56bfc062723c751e8b465ee728b)  -> (artifact id: '139b602ed053f7c510f22846fa9976ac') in 0.015449 seconds 
========================================================================
Received Import Request.
  Time since last request: 0.000034 seconds.
  path: Assets/SimplePoly City - Low Poly Assets/Materials/Building_Super Market.mat
  artifactKey: Guid(50a5ebe9a8d86a04d8e3b59966418b04) Importer(815301076,1909f56bfc062723c751e8b465ee728b)
Start importing Assets/SimplePoly City - Low Poly Assets/Materials/Building_Super Market.mat using Guid(50a5ebe9a8d86a04d8e3b59966418b04) Importer(815301076,1909f56bfc062723c751e8b465ee728b)  -> (artifact id: '5bc8533ea1448dc8816314cc7684c084') in 0.014588 seconds 
========================================================================
Received Import Request.
  Time since last request: 0.000029 seconds.
  path: Assets/SimplePoly City - Low Poly Assets/Materials/Building_Bakery.mat
  artifactKey: Guid(0f42aff1d68094547961d46298d2dba2) Importer(815301076,1909f56bfc062723c751e8b465ee728b)
Start importing Assets/SimplePoly City - Low Poly Assets/Materials/Building_Bakery.mat using Guid(0f42aff1d68094547961d46298d2dba2) Importer(815301076,1909f56bfc062723c751e8b465ee728b)  -> (artifact id: '588ac0c16b1849206c2c39a05fa39590') in 0.014325 seconds 
========================================================================
Received Import Request.
  Time since last request: 0.000028 seconds.
  path: Assets/SimplePoly City - Low Poly Assets/Materials/Building_House_02_color03.mat
  artifactKey: Guid(c622c6f6cb906dd47b5fd1368346e0c8) Importer(815301076,1909f56bfc062723c751e8b465ee728b)
Start importing Assets/SimplePoly City - Low Poly Assets/Materials/Building_House_02_color03.mat using Guid(c622c6f6cb906dd47b5fd1368346e0c8) Importer(815301076,1909f56bfc062723c751e8b465ee728b)  -> (artifact id: 'c6c955fa7afddf72ddb165d4d851fcd2') in 0.015551 seconds 
========================================================================
Received Import Request.
  Time since last request: 0.000049 seconds.
  path: Assets/SimplePoly City - Low Poly Assets/Materials/Building_House_04_color01.mat
  artifactKey: Guid(b5a19d15b0a91e74eacfaf96d03ca2f0) Importer(815301076,1909f56bfc062723c751e8b465ee728b)
Start importing Assets/SimplePoly City - Low Poly Assets/Materials/Building_House_04_color01.mat using Guid(b5a19d15b0a91e74eacfaf96d03ca2f0) Importer(815301076,1909f56bfc062723c751e8b465ee728b)  -> (artifact id: '641457e39476786c426772fb2f02172b') in 0.013758 seconds 
========================================================================
Received Import Request.
  Time since last request: 0.000055 seconds.
  path: Assets/SimplePoly City - Low Poly Assets/Materials/Building_House_04_color03.mat
  artifactKey: Guid(ecb113d6169c1ea49ae708ac05a9128c) Importer(815301076,1909f56bfc062723c751e8b465ee728b)
Start importing Assets/SimplePoly City - Low Poly Assets/Materials/Building_House_04_color03.mat using Guid(ecb113d6169c1ea49ae708ac05a9128c) Importer(815301076,1909f56bfc062723c751e8b465ee728b)  -> (artifact id: '361786bfd5c297fcf9787ad71fb8589b') in 0.015345 seconds 
========================================================================
Received Import Request.
  Time since last request: 0.000019 seconds.
  path: Assets/SimplePoly City - Low Poly Assets/Materials/Building_House_02_color01.mat
  artifactKey: Guid(374ab596cd3f81b429cc260ead5cad1d) Importer(815301076,1909f56bfc062723c751e8b465ee728b)
Start importing Assets/SimplePoly City - Low Poly Assets/Materials/Building_House_02_color01.mat using Guid(374ab596cd3f81b429cc260ead5cad1d) Importer(815301076,1909f56bfc062723c751e8b465ee728b)  -> (artifact id: '8145f3b462b055442b926f522e125bd3') in 0.014094 seconds 
========================================================================
Received Import Request.
  Time since last request: 0.000030 seconds.
  path: Assets/SimplePoly City - Low Poly Assets/Materials/Vehicle_Ambulance.mat
  artifactKey: Guid(fded615538aced440887a3468715a826) Importer(815301076,1909f56bfc062723c751e8b465ee728b)
Start importing Assets/SimplePoly City - Low Poly Assets/Materials/Vehicle_Ambulance.mat using Guid(fded615538aced440887a3468715a826) Importer(815301076,1909f56bfc062723c751e8b465ee728b)  -> (artifact id: 'ec143126d468c78078ee5ac333fe569d') in 0.014333 seconds 
========================================================================
Received Import Request.
  Time since last request: 0.000039 seconds.
  path: Assets/SimplePoly City - Low Poly Assets/Materials/Vehicle_Police Car.mat
  artifactKey: Guid(ca1eb6db662c95e47b63cb150cf463f9) Importer(815301076,1909f56bfc062723c751e8b465ee728b)
Start importing Assets/SimplePoly City - Low Poly Assets/Materials/Vehicle_Police Car.mat using Guid(ca1eb6db662c95e47b63cb150cf463f9) Importer(815301076,1909f56bfc062723c751e8b465ee728b)  -> (artifact id: '20727f01d414ef3a071d377890b1271c') in 0.013830 seconds 
========================================================================
Received Import Request.
  Time since last request: 0.000019 seconds.
  path: Assets/SimplePoly City - Low Poly Assets/Materials/Vehicle_Container_color03.mat
  artifactKey: Guid(5e29c495f3970b64f9d09ce50f034ed4) Importer(815301076,1909f56bfc062723c751e8b465ee728b)
Start importing Assets/SimplePoly City - Low Poly Assets/Materials/Vehicle_Container_color03.mat using Guid(5e29c495f3970b64f9d09ce50f034ed4) Importer(815301076,1909f56bfc062723c751e8b465ee728b)  -> (artifact id: '1c420ffbbf968a0e40e79d7a21313c7f') in 0.015669 seconds 
========================================================================
Received Import Request.
  Time since last request: 0.000024 seconds.
  path: Assets/SimplePoly City - Low Poly Assets/Materials/Building_House_04_color02.mat
  artifactKey: Guid(5969c1f4dba612842ac19dbf345dd211) Importer(815301076,1909f56bfc062723c751e8b465ee728b)
Start importing Assets/SimplePoly City - Low Poly Assets/Materials/Building_House_04_color02.mat using Guid(5969c1f4dba612842ac19dbf345dd211) Importer(815301076,1909f56bfc062723c751e8b465ee728b)  -> (artifact id: '8dca5b36f45fae9b54db9065cdbc6efc') in 0.013515 seconds 
========================================================================
Received Import Request.
  Time since last request: 0.000025 seconds.
  path: Assets/SimplePoly City - Low Poly Assets/Materials/Building_Factory.mat
  artifactKey: Guid(abc266de8c01de040bfa48da3f006d12) Importer(815301076,1909f56bfc062723c751e8b465ee728b)
Start importing Assets/SimplePoly City - Low Poly Assets/Materials/Building_Factory.mat using Guid(abc266de8c01de040bfa48da3f006d12) Importer(815301076,1909f56bfc062723c751e8b465ee728b)  -> (artifact id: '64a2bb15b7e3bde918cec424f23a0f2e') in 0.014682 seconds 
========================================================================
Received Import Request.
  Time since last request: 0.000029 seconds.
  path: Assets/SimplePoly City - Low Poly Assets/Materials/Building_Restaurant.mat
  artifactKey: Guid(583621a2a9afaee4c93548c5ac08d4e3) Importer(815301076,1909f56bfc062723c751e8b465ee728b)
Start importing Assets/SimplePoly City - Low Poly Assets/Materials/Building_Restaurant.mat using Guid(583621a2a9afaee4c93548c5ac08d4e3) Importer(815301076,1909f56bfc062723c751e8b465ee728b)  -> (artifact id: '35d39e19cb2aae0eab4f74114dca3a6c') in 0.016196 seconds 
========================================================================
Received Import Request.
  Time since last request: 0.000019 seconds.
  path: Assets/SimplePoly City - Low Poly Assets/Materials/Building_Fruits  Shop.mat
  artifactKey: Guid(ae4c28532c8b3154a80bef6e9ca5939c) Importer(815301076,1909f56bfc062723c751e8b465ee728b)
Start importing Assets/SimplePoly City - Low Poly Assets/Materials/Building_Fruits  Shop.mat using Guid(ae4c28532c8b3154a80bef6e9ca5939c) Importer(815301076,1909f56bfc062723c751e8b465ee728b)  -> (artifact id: '80623d0496be61df2a11c2fc2364f546') in 0.014140 seconds 
========================================================================
Received Import Request.
  Time since last request: 0.000026 seconds.
  path: Assets/SimplePoly City - Low Poly Assets/Materials/Building_Clothing.mat
  artifactKey: Guid(906011f6bacf9c9479526c7df3eacc75) Importer(815301076,1909f56bfc062723c751e8b465ee728b)
Start importing Assets/SimplePoly City - Low Poly Assets/Materials/Building_Clothing.mat using Guid(906011f6bacf9c9479526c7df3eacc75) Importer(815301076,1909f56bfc062723c751e8b465ee728b)  -> (artifact id: '9e206fc3b43e54e9675b40ec0390ff29') in 0.015042 seconds 
========================================================================
Received Import Request.
  Time since last request: 0.000025 seconds.
  path: Assets/SimplePoly City - Low Poly Assets/Materials/Road Concrete Tile.mat
  artifactKey: Guid(791087fbdef01f44fb204ef3dc5e6db8) Importer(815301076,1909f56bfc062723c751e8b465ee728b)
Start importing Assets/SimplePoly City - Low Poly Assets/Materials/Road Concrete Tile.mat using Guid(791087fbdef01f44fb204ef3dc5e6db8) Importer(815301076,1909f56bfc062723c751e8b465ee728b)  -> (artifact id: 'e34a56943e727ba4971777298f1e7a37') in 0.016033 seconds 
========================================================================
Received Import Request.
  Time since last request: 0.000033 seconds.
  path: Assets/SimplePoly City - Low Poly Assets/Materials/Building_Auto Service.mat
  artifactKey: Guid(38ce9279a60381844a3f6a85bac88a3e) Importer(815301076,1909f56bfc062723c751e8b465ee728b)
Start importing Assets/SimplePoly City - Low Poly Assets/Materials/Building_Auto Service.mat using Guid(38ce9279a60381844a3f6a85bac88a3e) Importer(815301076,1909f56bfc062723c751e8b465ee728b)  -> (artifact id: '9c8edb9a1a243908b50db4d2b7dd733d') in 0.017764 seconds 
========================================================================
Received Import Request.
  Time since last request: 0.000047 seconds.
  path: Assets/SimplePoly City - Low Poly Assets/Materials/Building_Gift Shop.mat
  artifactKey: Guid(bf630e064503ad541ab39df076952029) Importer(815301076,1909f56bfc062723c751e8b465ee728b)
Start importing Assets/SimplePoly City - Low Poly Assets/Materials/Building_Gift Shop.mat using Guid(bf630e064503ad541ab39df076952029) Importer(815301076,1909f56bfc062723c751e8b465ee728b)  -> (artifact id: '8cfeb2f3e71773d4ae5c4dd082e2f746') in 0.014684 seconds 
========================================================================
Received Import Request.
  Time since last request: 0.000029 seconds.
  path: Assets/SimplePoly City - Low Poly Assets/Materials/Building_House_01_color03.mat
  artifactKey: Guid(b6d73c7816cc2914d8f49ccc54d19714) Importer(815301076,1909f56bfc062723c751e8b465ee728b)
Start importing Assets/SimplePoly City - Low Poly Assets/Materials/Building_House_01_color03.mat using Guid(b6d73c7816cc2914d8f49ccc54d19714) Importer(815301076,1909f56bfc062723c751e8b465ee728b)  -> (artifact id: '27841c6e402a50ef7f84ecf0b2fc3eee') in 0.015530 seconds 
========================================================================
Received Import Request.
  Time since last request: 0.000025 seconds.
  path: Assets/SimplePoly City - Low Poly Assets/Materials/Vehicle_Taxi.mat
  artifactKey: Guid(24c20333a6b79874298a79151051f9fa) Importer(815301076,1909f56bfc062723c751e8b465ee728b)
Start importing Assets/SimplePoly City - Low Poly Assets/Materials/Vehicle_Taxi.mat using Guid(24c20333a6b79874298a79151051f9fa) Importer(815301076,1909f56bfc062723c751e8b465ee728b)  -> (artifact id: 'cbe29b144846df2cac3735f56feb834c') in 0.015225 seconds 
========================================================================
Received Import Request.
  Time since last request: 0.000051 seconds.
  path: Assets/SimplePoly City - Low Poly Assets/Materials/Building Sky_small_color03.mat
  artifactKey: Guid(8f1cbf7d8b46f0c44ab5e32bfc3041a6) Importer(815301076,1909f56bfc062723c751e8b465ee728b)
Start importing Assets/SimplePoly City - Low Poly Assets/Materials/Building Sky_small_color03.mat using Guid(8f1cbf7d8b46f0c44ab5e32bfc3041a6) Importer(815301076,1909f56bfc062723c751e8b465ee728b)  -> (artifact id: 'cf05602257bf85f6a2754546904ac4dc') in 0.015553 seconds 
========================================================================
Received Import Request.
  Time since last request: 0.000027 seconds.
  path: Assets/SimplePoly City - Low Poly Assets/Materials/Building Sky_small_color01.mat
  artifactKey: Guid(cf528230e5d0dcd42ab2d20dcda96917) Importer(815301076,1909f56bfc062723c751e8b465ee728b)
Start importing Assets/SimplePoly City - Low Poly Assets/Materials/Building Sky_small_color01.mat using Guid(cf528230e5d0dcd42ab2d20dcda96917) Importer(815301076,1909f56bfc062723c751e8b465ee728b)  -> (artifact id: 'c4d51e90bae95bcfed47ff9e68ebdc96') in 0.013694 seconds 
========================================================================
Received Import Request.
  Time since last request: 0.000031 seconds.
  path: Assets/SimplePoly City - Low Poly Assets/Materials/Building_House_03_color03.mat
  artifactKey: Guid(0ee6e621355b5ac4da1102c54fbb63d8) Importer(815301076,1909f56bfc062723c751e8b465ee728b)
Start importing Assets/SimplePoly City - Low Poly Assets/Materials/Building_House_03_color03.mat using Guid(0ee6e621355b5ac4da1102c54fbb63d8) Importer(815301076,1909f56bfc062723c751e8b465ee728b)  -> (artifact id: '642297a6f49abd26c87b4a9eb925897d') in 0.014183 seconds 
========================================================================
Received Import Request.
  Time since last request: 0.000024 seconds.
  path: Assets/SimplePoly City - Low Poly Assets/Materials/Props_TrafficProps.mat
  artifactKey: Guid(0ea03c6aa98d5224cb797d69c8ef34ca) Importer(815301076,1909f56bfc062723c751e8b465ee728b)
Start importing Assets/SimplePoly City - Low Poly Assets/Materials/Props_TrafficProps.mat using Guid(0ea03c6aa98d5224cb797d69c8ef34ca) Importer(815301076,1909f56bfc062723c751e8b465ee728b)  -> (artifact id: '87806436afd702b68711ba71ab136708') in 0.014352 seconds 
========================================================================
Received Import Request.
  Time since last request: 0.000051 seconds.
  path: Assets/SimplePoly City - Low Poly Assets/Materials/Vehicle_Pick up Truck_color01.mat
  artifactKey: Guid(3ec7be87852e30f49a754a666cd49e56) Importer(815301076,1909f56bfc062723c751e8b465ee728b)
Start importing Assets/SimplePoly City - Low Poly Assets/Materials/Vehicle_Pick up Truck_color01.mat using Guid(3ec7be87852e30f49a754a666cd49e56) Importer(815301076,1909f56bfc062723c751e8b465ee728b)  -> (artifact id: '088788a48621293f20f33febe2d27f52') in 0.016360 seconds 
========================================================================
Received Import Request.
  Time since last request: 0.000025 seconds.
  path: Assets/SimplePoly City - Low Poly Assets/Materials/Vehicle_Bus_color03.mat
  artifactKey: Guid(8659c6f38f710284c9a623201882790c) Importer(815301076,1909f56bfc062723c751e8b465ee728b)
Start importing Assets/SimplePoly City - Low Poly Assets/Materials/Vehicle_Bus_color03.mat using Guid(8659c6f38f710284c9a623201882790c) Importer(815301076,1909f56bfc062723c751e8b465ee728b)  -> (artifact id: '096c02efee12962ecf77fd5a8074e586') in 0.014687 seconds 
========================================================================
Received Import Request.
  Time since last request: 0.000035 seconds.
  path: Assets/SimplePoly City - Low Poly Assets/Materials/Vehicle_Car_color01.mat
  artifactKey: Guid(c55cd13c983151f488686d50353a716f) Importer(815301076,1909f56bfc062723c751e8b465ee728b)
Start importing Assets/SimplePoly City - Low Poly Assets/Materials/Vehicle_Car_color01.mat using Guid(c55cd13c983151f488686d50353a716f) Importer(815301076,1909f56bfc062723c751e8b465ee728b)  -> (artifact id: '89902be21d8d981ece58e64c28f5cebc') in 0.013134 seconds 
========================================================================
Received Import Request.
  Time since last request: 2.441861 seconds.
  path: Assets/SimplePoly City - Low Poly Assets/Models/Building_Auto Service.fbx
  artifactKey: Guid(c886fb979d2b589419f4cd3003261086) Importer(815301076,1909f56bfc062723c751e8b465ee728b)
Start importing Assets/SimplePoly City - Low Poly Assets/Models/Building_Auto Service.fbx using Guid(c886fb979d2b589419f4cd3003261086) Importer(815301076,1909f56bfc062723c751e8b465ee728b)  -> (artifact id: '8969c7c96b715ce509c1244540374269') in 0.306849 seconds 
========================================================================
Received Import Request.
  Time since last request: 0.000035 seconds.
  path: Assets/SimplePoly City - Low Poly Assets/Models/Building_Music Store.fbx
  artifactKey: Guid(e6c7be1b4691ca441abe64159118907b) Importer(815301076,1909f56bfc062723c751e8b465ee728b)
Start importing Assets/SimplePoly City - Low Poly Assets/Models/Building_Music Store.fbx using Guid(e6c7be1b4691ca441abe64159118907b) Importer(815301076,1909f56bfc062723c751e8b465ee728b)  -> (artifact id: '1335565419f6fd56577b468d8820d120') in 0.022238 seconds 
========================================================================
Received Import Request.
  Time since last request: 0.000043 seconds.
  path: Assets/SimplePoly City - Low Poly Assets/Models/Props_Coffee shop chair.fbx
  artifactKey: Guid(23816e0039304184c9d9f74b067ca30e) Importer(815301076,1909f56bfc062723c751e8b465ee728b)
Start importing Assets/SimplePoly City - Low Poly Assets/Models/Props_Coffee shop chair.fbx using Guid(23816e0039304184c9d9f74b067ca30e) Importer(815301076,1909f56bfc062723c751e8b465ee728b)  -> (artifact id: 'fab74e62798b9b4f600d00c20d197414') in 0.024219 seconds 
========================================================================
Received Import Request.
  Time since last request: 0.000030 seconds.
  path: Assets/SimplePoly City - Low Poly Assets/Models/Props_Traffic Signal_small.fbx
  artifactKey: Guid(fbe896a67df88784abb1f38733468a13) Importer(815301076,1909f56bfc062723c751e8b465ee728b)
Start importing Assets/SimplePoly City - Low Poly Assets/Models/Props_Traffic Signal_small.fbx using Guid(fbe896a67df88784abb1f38733468a13) Importer(815301076,1909f56bfc062723c751e8b465ee728b)  -> (artifact id: '66c5f98b9ae9ca05ef56b740299a74e7') in 0.027361 seconds 
========================================================================
Received Import Request.
  Time since last request: 0.000055 seconds.
  path: Assets/SimplePoly City - Low Poly Assets/Models/Natures_House Floor.fbx
  artifactKey: Guid(c7327ddbb4f55824eb37461c53fdd55d) Importer(815301076,1909f56bfc062723c751e8b465ee728b)
Start importing Assets/SimplePoly City - Low Poly Assets/Models/Natures_House Floor.fbx using Guid(c7327ddbb4f55824eb37461c53fdd55d) Importer(815301076,1909f56bfc062723c751e8b465ee728b)  -> (artifact id: 'ed0aea8243831a62a06dbc6c521eaad2') in 0.023220 seconds 
========================================================================
Received Import Request.
  Time since last request: 0.000031 seconds.
  path: Assets/SimplePoly City - Low Poly Assets/Models/Natures_Big Tree.fbx
  artifactKey: Guid(b8b93a0c79396d54ea72d1eecb7bf246) Importer(815301076,1909f56bfc062723c751e8b465ee728b)
Start importing Assets/SimplePoly City - Low Poly Assets/Models/Natures_Big Tree.fbx using Guid(b8b93a0c79396d54ea72d1eecb7bf246) Importer(815301076,1909f56bfc062723c751e8b465ee728b)  -> (artifact id: 'bc7f8ae7a28124c675631b42d490875e') in 0.025915 seconds 
========================================================================
Received Import Request.
  Time since last request: 0.000026 seconds.
  path: Assets/SimplePoly City - Low Poly Assets/Models/Road Lane_03.fbx
  artifactKey: Guid(ea4072799b7e8ef4d84f4a2cd70bb115) Importer(815301076,1909f56bfc062723c751e8b465ee728b)
Start importing Assets/SimplePoly City - Low Poly Assets/Models/Road Lane_03.fbx using Guid(ea4072799b7e8ef4d84f4a2cd70bb115) Importer(815301076,1909f56bfc062723c751e8b465ee728b)  -> (artifact id: 'c86b10cbceb3403a2a4a7b4062acc62b') in 0.021688 seconds 
========================================================================
Received Import Request.
  Time since last request: 0.000030 seconds.
  path: Assets/SimplePoly City - Low Poly Assets/Models/Road Split Line.fbx
  artifactKey: Guid(63ec040e5e2c7354191119a82429932a) Importer(815301076,1909f56bfc062723c751e8b465ee728b)
Start importing Assets/SimplePoly City - Low Poly Assets/Models/Road Split Line.fbx using Guid(63ec040e5e2c7354191119a82429932a) Importer(815301076,1909f56bfc062723c751e8b465ee728b)  -> (artifact id: 'fc25cc4b6459906677cc9a0b41ae7d2c') in 0.023444 seconds 
========================================================================
Received Import Request.
  Time since last request: 0.000041 seconds.
  path: Assets/SimplePoly City - Low Poly Assets/Models/Props_Bus Stop.fbx
  artifactKey: Guid(9e6e51a480e2d6f43878a5d789bd8704) Importer(815301076,1909f56bfc062723c751e8b465ee728b)
Start importing Assets/SimplePoly City - Low Poly Assets/Models/Props_Bus Stop.fbx using Guid(9e6e51a480e2d6f43878a5d789bd8704) Importer(815301076,1909f56bfc062723c751e8b465ee728b)  -> (artifact id: 'e1a696adefa558eb8dc3fdb46ca0b8a9') in 0.023427 seconds 
========================================================================
Received Import Request.
  Time since last request: 0.000047 seconds.
  path: Assets/SimplePoly City - Low Poly Assets/Models/Props_Roof_prop.fbx
  artifactKey: Guid(46c5f3202ef79174c9c96903bbae627a) Importer(815301076,1909f56bfc062723c751e8b465ee728b)
Start importing Assets/SimplePoly City - Low Poly Assets/Models/Props_Roof_prop.fbx using Guid(46c5f3202ef79174c9c96903bbae627a) Importer(815301076,1909f56bfc062723c751e8b465ee728b)  -> (artifact id: 'a629dc6ebeea8bdf6a322465f4b623e4') in 0.022954 seconds 
========================================================================
Received Import Request.
  Time since last request: 0.000043 seconds.
  path: Assets/SimplePoly City - Low Poly Assets/Models/Building_Stadium.fbx
  artifactKey: Guid(8d799610519b6274c8bb35a7fd95f5f5) Importer(815301076,1909f56bfc062723c751e8b465ee728b)
Start importing Assets/SimplePoly City - Low Poly Assets/Models/Building_Stadium.fbx using Guid(8d799610519b6274c8bb35a7fd95f5f5) Importer(815301076,1909f56bfc062723c751e8b465ee728b)  -> (artifact id: '22854210ffc5a6e6fcd005275d2230ec') in 0.030708 seconds 
========================================================================
Received Import Request.
  Time since last request: 0.000038 seconds.
  path: Assets/SimplePoly City - Low Poly Assets/Models/Road Lane Bus Stop.fbx
  artifactKey: Guid(b2e48a8553cc56243892a06271dc3c99) Importer(815301076,1909f56bfc062723c751e8b465ee728b)
Start importing Assets/SimplePoly City - Low Poly Assets/Models/Road Lane Bus Stop.fbx using Guid(b2e48a8553cc56243892a06271dc3c99) Importer(815301076,1909f56bfc062723c751e8b465ee728b)  -> (artifact id: '974acdef714cc0b6f9f482346e56ec6a') in 0.027837 seconds 
========================================================================
Received Import Request.
  Time since last request: 0.000035 seconds.
  path: Assets/SimplePoly City - Low Poly Assets/Models/Building_Books Shop.fbx
  artifactKey: Guid(2c2dcc3c02224de46b4813f3110dca1f) Importer(815301076,1909f56bfc062723c751e8b465ee728b)
Start importing Assets/SimplePoly City - Low Poly Assets/Models/Building_Books Shop.fbx using Guid(2c2dcc3c02224de46b4813f3110dca1f) Importer(815301076,1909f56bfc062723c751e8b465ee728b)  -> (artifact id: '3ade36e848dc18261914c29dea1c4a93') in 0.024660 seconds 
========================================================================
Received Import Request.
  Time since last request: 0.000073 seconds.
  path: Assets/SimplePoly City - Low Poly Assets/Models/Building_Coffee Shop.fbx
  artifactKey: Guid(a120bc9095fe23d458dc299a94dc00a8) Importer(815301076,1909f56bfc062723c751e8b465ee728b)
Start importing Assets/SimplePoly City - Low Poly Assets/Models/Building_Coffee Shop.fbx using Guid(a120bc9095fe23d458dc299a94dc00a8) Importer(815301076,1909f56bfc062723c751e8b465ee728b)  -> (artifact id: 'f616110a9079c5b54a158652ab47d085') in 0.021797 seconds 
========================================================================
Received Import Request.
  Time since last request: 0.000030 seconds.
  path: Assets/SimplePoly City - Low Poly Assets/Models/Props_Roof Solar Panel.fbx
  artifactKey: Guid(033999da19ac9074d84c50be8da3917e) Importer(815301076,1909f56bfc062723c751e8b465ee728b)
Start importing Assets/SimplePoly City - Low Poly Assets/Models/Props_Roof Solar Panel.fbx using Guid(033999da19ac9074d84c50be8da3917e) Importer(815301076,1909f56bfc062723c751e8b465ee728b)  -> (artifact id: 'ab679b8affb3122bba2b15d446f45dd3') in 0.021587 seconds 
========================================================================
Received Import Request.
  Time since last request: 0.000029 seconds.
  path: Assets/SimplePoly City - Low Poly Assets/Models/Natures_Pot Bush_small.fbx
  artifactKey: Guid(2c5a85095f7a19d479cf428b0ed03e0b) Importer(815301076,1909f56bfc062723c751e8b465ee728b)
Start importing Assets/SimplePoly City - Low Poly Assets/Models/Natures_Pot Bush_small.fbx using Guid(2c5a85095f7a19d479cf428b0ed03e0b) Importer(815301076,1909f56bfc062723c751e8b465ee728b)  -> (artifact id: '265a7173effa9215dcbc930807e52faa') in 0.025104 seconds 
========================================================================
Received Import Request.
  Time since last request: 0.000025 seconds.
  path: Assets/SimplePoly City - Low Poly Assets/Models/Building_Pizza.fbx
  artifactKey: Guid(d015ce89362e9504890f33e36733d925) Importer(815301076,1909f56bfc062723c751e8b465ee728b)
Start importing Assets/SimplePoly City - Low Poly Assets/Models/Building_Pizza.fbx using Guid(d015ce89362e9504890f33e36733d925) Importer(815301076,1909f56bfc062723c751e8b465ee728b)  -> (artifact id: '410f5a71325d5caf4a99b6f8d999212e') in 0.026491 seconds 
========================================================================
Received Import Request.
  Time since last request: 0.000048 seconds.
  path: Assets/SimplePoly City - Low Poly Assets/Models/Props_Traffic Sign_stop.fbx
  artifactKey: Guid(ffcc7ab27000f2a4dbcc4ff9f0526b4d) Importer(815301076,1909f56bfc062723c751e8b465ee728b)
Start importing Assets/SimplePoly City - Low Poly Assets/Models/Props_Traffic Sign_stop.fbx using Guid(ffcc7ab27000f2a4dbcc4ff9f0526b4d) Importer(815301076,1909f56bfc062723c751e8b465ee728b)  -> (artifact id: '8991bdaee1e23f9300719910434e32e5') in 0.022248 seconds 
========================================================================
Received Import Request.
  Time since last request: 0.000058 seconds.
  path: Assets/SimplePoly City - Low Poly Assets/Models/Props_Roof Helipad.fbx
  artifactKey: Guid(b602d657274d2c24b88fe0f3fa83287b) Importer(815301076,1909f56bfc062723c751e8b465ee728b)
Start importing Assets/SimplePoly City - Low Poly Assets/Models/Props_Roof Helipad.fbx using Guid(b602d657274d2c24b88fe0f3fa83287b) Importer(815301076,1909f56bfc062723c751e8b465ee728b)  -> (artifact id: '806a7b9a886a83e910d00bd35d9fd265') in 0.021891 seconds 
========================================================================
Received Import Request.
  Time since last request: 0.000041 seconds.
  path: Assets/SimplePoly City - Low Poly Assets/Models/Props_Street Light.fbx
  artifactKey: Guid(ab761d05302615348a9aed34ccd58dd7) Importer(815301076,1909f56bfc062723c751e8b465ee728b)
Start importing Assets/SimplePoly City - Low Poly Assets/Models/Props_Street Light.fbx using Guid(ab761d05302615348a9aed34ccd58dd7) Importer(815301076,1909f56bfc062723c751e8b465ee728b)  -> (artifact id: 'eee3236fccb4dfc123d6f89cfc6a75cb') in 0.020901 seconds 
========================================================================
Received Import Request.
  Time since last request: 0.000044 seconds.
  path: Assets/SimplePoly City - Low Poly Assets/Models/Props_Traffic Control Barrier Fence.fbx
  artifactKey: Guid(fa854a4fa7fb0b04a93f71178fcc44a7) Importer(815301076,1909f56bfc062723c751e8b465ee728b)
Start importing Assets/SimplePoly City - Low Poly Assets/Models/Props_Traffic Control Barrier Fence.fbx using Guid(fa854a4fa7fb0b04a93f71178fcc44a7) Importer(815301076,1909f56bfc062723c751e8b465ee728b)  -> (artifact id: '5f9080e2abaecc689dc57f08dfc62f3a') in 0.021054 seconds 
========================================================================
Received Import Request.
  Time since last request: 0.000033 seconds.
  path: Assets/SimplePoly City - Low Poly Assets/Models/Road Sidewalk.fbx
  artifactKey: Guid(be6b47deae1839141b5dea85228cfa3e) Importer(815301076,1909f56bfc062723c751e8b465ee728b)
Start importing Assets/SimplePoly City - Low Poly Assets/Models/Road Sidewalk.fbx using Guid(be6b47deae1839141b5dea85228cfa3e) Importer(815301076,1909f56bfc062723c751e8b465ee728b)  -> (artifact id: 'b011b63c188144347b8358c033e89c61') in 0.023164 seconds 
========================================================================
Received Import Request.
  Time since last request: 0.000028 seconds.
  path: Assets/SimplePoly City - Low Poly Assets/Models/Natures_Grass Tile Small.fbx
  artifactKey: Guid(3163f2c03b1dac0419001ac5e42f8c0b) Importer(815301076,1909f56bfc062723c751e8b465ee728b)
Start importing Assets/SimplePoly City - Low Poly Assets/Models/Natures_Grass Tile Small.fbx using Guid(3163f2c03b1dac0419001ac5e42f8c0b) Importer(815301076,1909f56bfc062723c751e8b465ee728b)  -> (artifact id: '92ba942785e8eea06ca297aceaa7c3ce') in 0.023303 seconds 
========================================================================
Received Import Request.
  Time since last request: 0.000034 seconds.
  path: Assets/SimplePoly City - Low Poly Assets/Models/Props_BillBoard_small.fbx
  artifactKey: Guid(98b9127e094001849abe00d6ae4f1c85) Importer(815301076,1909f56bfc062723c751e8b465ee728b)
Start importing Assets/SimplePoly City - Low Poly Assets/Models/Props_BillBoard_small.fbx using Guid(98b9127e094001849abe00d6ae4f1c85) Importer(815301076,1909f56bfc062723c751e8b465ee728b)  -> (artifact id: '32a864d3897b51bc9b2ee5dc4e2c782c') in 0.023279 seconds 
========================================================================
Received Import Request.
  Time since last request: 0.000032 seconds.
  path: Assets/SimplePoly City - Low Poly Assets/Models/Building_Shoes Shop.fbx
  artifactKey: Guid(27c09c8008c0ada409e024a1dc2186c0) Importer(815301076,1909f56bfc062723c751e8b465ee728b)
Start importing Assets/SimplePoly City - Low Poly Assets/Models/Building_Shoes Shop.fbx using Guid(27c09c8008c0ada409e024a1dc2186c0) Importer(815301076,1909f56bfc062723c751e8b465ee728b)  -> (artifact id: '241983f6f22b8ce292c5deccea091cf4') in 0.021981 seconds 
========================================================================
Received Import Request.
  Time since last request: 0.000032 seconds.
  path: Assets/SimplePoly City - Low Poly Assets/Models/Building_Factory.fbx
  artifactKey: Guid(932be02d2912c394786d8ec1d2007f18) Importer(815301076,1909f56bfc062723c751e8b465ee728b)
Start importing Assets/SimplePoly City - Low Poly Assets/Models/Building_Factory.fbx using Guid(932be02d2912c394786d8ec1d2007f18) Importer(815301076,1909f56bfc062723c751e8b465ee728b)  -> (artifact id: 'eb959950819cb5bfd6a93841bab3c75c') in 0.020641 seconds 
========================================================================
Received Import Request.
  Time since last request: 0.000053 seconds.
  path: Assets/SimplePoly City - Low Poly Assets/Models/Natures_Grass Bar.fbx
  artifactKey: Guid(60550932e430af1479cebb05e97130ae) Importer(815301076,1909f56bfc062723c751e8b465ee728b)
Start importing Assets/SimplePoly City - Low Poly Assets/Models/Natures_Grass Bar.fbx using Guid(60550932e430af1479cebb05e97130ae) Importer(815301076,1909f56bfc062723c751e8b465ee728b)  -> (artifact id: 'd55dbd7a4be170ec13fa2150773b445b') in 0.024251 seconds 
========================================================================
Received Import Request.
  Time since last request: 0.000055 seconds.
  path: Assets/SimplePoly City - Low Poly Assets/Models/Road Lane_04.fbx
  artifactKey: Guid(2397ca4030d2a7446812ad23c04c9821) Importer(815301076,1909f56bfc062723c751e8b465ee728b)
Start importing Assets/SimplePoly City - Low Poly Assets/Models/Road Lane_04.fbx using Guid(2397ca4030d2a7446812ad23c04c9821) Importer(815301076,1909f56bfc062723c751e8b465ee728b)  -> (artifact id: '12951ce1a90ace263894cdb7d76621af') in 0.018335 seconds 
========================================================================
Received Import Request.
  Time since last request: 24.424622 seconds.
  path: Assets/SimplePoly City - Low Poly Assets/Textures/Building Sky_big_color03.png
  artifactKey: Guid(68678103389a4c1458454df2673310fc) Importer(815301076,1909f56bfc062723c751e8b465ee728b)
Start importing Assets/SimplePoly City - Low Poly Assets/Textures/Building Sky_big_color03.png using Guid(68678103389a4c1458454df2673310fc) Importer(815301076,1909f56bfc062723c751e8b465ee728b)  -> (artifact id: '1e06ce40575dac839344236162a35007') in 0.020617 seconds 
========================================================================
Received Import Request.
  Time since last request: 0.000034 seconds.
  path: Assets/SimplePoly City - Low Poly Assets/Textures/Vehicle_SUV_1.png
  artifactKey: Guid(5bf54643535d07b49b66329a38d342f3) Importer(815301076,1909f56bfc062723c751e8b465ee728b)
Start importing Assets/SimplePoly City - Low Poly Assets/Textures/Vehicle_SUV_1.png using Guid(5bf54643535d07b49b66329a38d342f3) Importer(815301076,1909f56bfc062723c751e8b465ee728b)  -> (artifact id: 'f5f43d735bf1fe86e2e2f11a0ba95200') in 0.014654 seconds 
========================================================================
Received Import Request.
  Time since last request: 0.000029 seconds.
  path: Assets/SimplePoly City - Low Poly Assets/Textures/Building_Residential_color03.png
  artifactKey: Guid(10b9114ae4fb5014c9989aa81e2f168f) Importer(815301076,1909f56bfc062723c751e8b465ee728b)
Start importing Assets/SimplePoly City - Low Poly Assets/Textures/Building_Residential_color03.png using Guid(10b9114ae4fb5014c9989aa81e2f168f) Importer(815301076,1909f56bfc062723c751e8b465ee728b)  -> (artifact id: 'd004ed87edc4dbca34e826585e7ad0fa') in 0.012813 seconds 
========================================================================
Received Import Request.
  Time since last request: 0.000024 seconds.
  path: Assets/SimplePoly City - Low Poly Assets/Textures/Props_BillBoard_small.png
  artifactKey: Guid(8d5a4d22644d8d048bc069c218d1c411) Importer(815301076,1909f56bfc062723c751e8b465ee728b)
Start importing Assets/SimplePoly City - Low Poly Assets/Textures/Props_BillBoard_small.png using Guid(8d5a4d22644d8d048bc069c218d1c411) Importer(815301076,1909f56bfc062723c751e8b465ee728b)  -> (artifact id: '1b1e8d12b7c08071f0746c0e784c67c1') in 0.014716 seconds 
========================================================================
Received Import Request.
  Time since last request: 0.000036 seconds.
  path: Assets/SimplePoly City - Low Poly Assets/Textures/Vehicle_Truck_1.png
  artifactKey: Guid(e595569ca689c8c4ead585e8746e4fbb) Importer(815301076,1909f56bfc062723c751e8b465ee728b)
Start importing Assets/SimplePoly City - Low Poly Assets/Textures/Vehicle_Truck_1.png using Guid(e595569ca689c8c4ead585e8746e4fbb) Importer(815301076,1909f56bfc062723c751e8b465ee728b)  -> (artifact id: 'ad7d7d1942c351a79734b4848adcedff') in 0.018507 seconds 
========================================================================
Received Import Request.
  Time since last request: 0.000036 seconds.
  path: Assets/SimplePoly City - Low Poly Assets/Textures/Building_Bakery.png
  artifactKey: Guid(09a293ef617f8cf49983c38c3d860c82) Importer(815301076,1909f56bfc062723c751e8b465ee728b)
Start importing Assets/SimplePoly City - Low Poly Assets/Textures/Building_Bakery.png using Guid(09a293ef617f8cf49983c38c3d860c82) Importer(815301076,1909f56bfc062723c751e8b465ee728b)  -> (artifact id: '440252cd1d3198e19213d5cc387aa1df') in 0.016667 seconds 
========================================================================
Received Import Request.
  Time since last request: 0.000034 seconds.
  path: Assets/SimplePoly City - Low Poly Assets/Textures/Building_Coffee Shop.png
  artifactKey: Guid(939ea9febbadb6e4c906dcd31ca81e78) Importer(815301076,1909f56bfc062723c751e8b465ee728b)
Start importing Assets/SimplePoly City - Low Poly Assets/Textures/Building_Coffee Shop.png using Guid(939ea9febbadb6e4c906dcd31ca81e78) Importer(815301076,1909f56bfc062723c751e8b465ee728b)  -> (artifact id: 'da620a0a2092d7adc901e18330f78ae1') in 0.016305 seconds 
========================================================================
Received Import Request.
  Time since last request: 0.000025 seconds.
  path: Assets/SimplePoly City - Low Poly Assets/Textures/Vehicle_Pick up Truck_3.png
  artifactKey: Guid(3dafb997416bc114c89c714676f7c788) Importer(815301076,1909f56bfc062723c751e8b465ee728b)
Start importing Assets/SimplePoly City - Low Poly Assets/Textures/Vehicle_Pick up Truck_3.png using Guid(3dafb997416bc114c89c714676f7c788) Importer(815301076,1909f56bfc062723c751e8b465ee728b)  -> (artifact id: '78b20591e7bcb8bc361a3f2e3fae37aa') in 0.018597 seconds 
========================================================================
Received Import Request.
  Time since last request: 0.000025 seconds.
  path: Assets/SimplePoly City - Low Poly Assets/Textures/Vehicle_Bus_3.png
  artifactKey: Guid(f6e5e6c56838a5046bcfcdbf324b0f85) Importer(815301076,1909f56bfc062723c751e8b465ee728b)
Start importing Assets/SimplePoly City - Low Poly Assets/Textures/Vehicle_Bus_3.png using Guid(f6e5e6c56838a5046bcfcdbf324b0f85) Importer(815301076,1909f56bfc062723c751e8b465ee728b)  -> (artifact id: 'cc873f020f4d4fd5657103ce985dd040') in 0.016685 seconds 
========================================================================
Received Import Request.
  Time since last request: 0.000042 seconds.
  path: Assets/SimplePoly City - Low Poly Assets/Textures/Building_Shoes Shop.png
  artifactKey: Guid(2b65a3a19e6eed944b6118802215ede0) Importer(815301076,1909f56bfc062723c751e8b465ee728b)
Start importing Assets/SimplePoly City - Low Poly Assets/Textures/Building_Shoes Shop.png using Guid(2b65a3a19e6eed944b6118802215ede0) Importer(815301076,1909f56bfc062723c751e8b465ee728b)  -> (artifact id: '4213f3cf34c734ed02fd355e214805a0') in 0.014967 seconds 
========================================================================
Received Import Request.
  Time since last request: 0.000032 seconds.
  path: Assets/SimplePoly City - Low Poly Assets/Textures/Building_House_01_color02.png
  artifactKey: Guid(330683d110e88b7478da95a46f14a30a) Importer(815301076,1909f56bfc062723c751e8b465ee728b)
Start importing Assets/SimplePoly City - Low Poly Assets/Textures/Building_House_01_color02.png using Guid(330683d110e88b7478da95a46f14a30a) Importer(815301076,1909f56bfc062723c751e8b465ee728b)  -> (artifact id: 'b53ca86066d8a7b75ad8d8b216e62ef1') in 0.017097 seconds 
========================================================================
Received Import Request.
  Time since last request: 0.000127 seconds.
  path: Assets/SimplePoly City - Low Poly Assets/Textures/Building_Books Shop.png
  artifactKey: Guid(29d6ba98d5bca734695ddaf5fdf19baf) Importer(815301076,1909f56bfc062723c751e8b465ee728b)
Start importing Assets/SimplePoly City - Low Poly Assets/Textures/Building_Books Shop.png using Guid(29d6ba98d5bca734695ddaf5fdf19baf) Importer(815301076,1909f56bfc062723c751e8b465ee728b)  -> (artifact id: '9803b69f8c9aac30303227f5c2cf4f9f') in 0.013711 seconds 
========================================================================
Received Import Request.
  Time since last request: 0.000022 seconds.
  path: Assets/SimplePoly City - Low Poly Assets/Textures/Props_BillBoard_large.png
  artifactKey: Guid(28abf4ed6741ed84c9b83df6cecde508) Importer(815301076,1909f56bfc062723c751e8b465ee728b)
Start importing Assets/SimplePoly City - Low Poly Assets/Textures/Props_BillBoard_large.png using Guid(28abf4ed6741ed84c9b83df6cecde508) Importer(815301076,1909f56bfc062723c751e8b465ee728b)  -> (artifact id: '3ceace0dbe9669dc4804779db3097693') in 0.016349 seconds 
========================================================================
Received Import Request.
  Time since last request: 0.000027 seconds.
  path: Assets/SimplePoly City - Low Poly Assets/Textures/Vehicle_Taxi.png
  artifactKey: Guid(d9fe8b9f6a8a040408a6a74b3714c665) Importer(815301076,1909f56bfc062723c751e8b465ee728b)
Start importing Assets/SimplePoly City - Low Poly Assets/Textures/Vehicle_Taxi.png using Guid(d9fe8b9f6a8a040408a6a74b3714c665) Importer(815301076,1909f56bfc062723c751e8b465ee728b)  -> (artifact id: 'e93e1a01841a59072b68833266d819e2') in 0.015200 seconds 
========================================================================
Received Import Request.
  Time since last request: 0.000037 seconds.
  path: Assets/SimplePoly City - Low Poly Assets/Textures/Props_RoofProps.png
  artifactKey: Guid(c9a153aaa15e0194b8e8f7c16cdf5be7) Importer(815301076,1909f56bfc062723c751e8b465ee728b)
Start importing Assets/SimplePoly City - Low Poly Assets/Textures/Props_RoofProps.png using Guid(c9a153aaa15e0194b8e8f7c16cdf5be7) Importer(815301076,1909f56bfc062723c751e8b465ee728b)  -> (artifact id: 'f4771cef75a3990a0c980cbaaf767d15') in 0.013958 seconds 
========================================================================
Received Import Request.
  Time since last request: 0.000040 seconds.
  path: Assets/SimplePoly City - Low Poly Assets/Textures/Vehicle_Car_1.png
  artifactKey: Guid(f9deccdd55075124dbb0e6b5f710e0bb) Importer(815301076,1909f56bfc062723c751e8b465ee728b)
Start importing Assets/SimplePoly City - Low Poly Assets/Textures/Vehicle_Car_1.png using Guid(f9deccdd55075124dbb0e6b5f710e0bb) Importer(815301076,1909f56bfc062723c751e8b465ee728b)  -> (artifact id: '6a9a2c1003b653c1db4744fcfa2c06d3') in 0.015702 seconds 
========================================================================
Received Import Request.
  Time since last request: 0.000034 seconds.
  path: Assets/SimplePoly City - Low Poly Assets/Textures/Vehicle_Container_1.png
  artifactKey: Guid(65b68621c76dea14ca7efad04a2716f5) Importer(815301076,1909f56bfc062723c751e8b465ee728b)
Start importing Assets/SimplePoly City - Low Poly Assets/Textures/Vehicle_Container_1.png using Guid(65b68621c76dea14ca7efad04a2716f5) Importer(815301076,1909f56bfc062723c751e8b465ee728b)  -> (artifact id: '932dbd72fee3f0d5e45f161db81057e9') in 0.015252 seconds 
========================================================================
Received Import Request.
  Time since last request: 0.000025 seconds.
  path: Assets/SimplePoly City - Low Poly Assets/Textures/Building_Restaurant.png
  artifactKey: Guid(10b9543b11ed20e46ac740b4f092470d) Importer(815301076,1909f56bfc062723c751e8b465ee728b)
Start importing Assets/SimplePoly City - Low Poly Assets/Textures/Building_Restaurant.png using Guid(10b9543b11ed20e46ac740b4f092470d) Importer(815301076,1909f56bfc062723c751e8b465ee728b)  -> (artifact id: 'e5dafa54775b8f55f7317d1454468bf4') in 0.016905 seconds 
========================================================================
Received Import Request.
  Time since last request: 0.000041 seconds.
  path: Assets/SimplePoly City - Low Poly Assets/Textures/Building_Factory.png
  artifactKey: Guid(952048546b1814f4480519f6d11e8c3c) Importer(815301076,1909f56bfc062723c751e8b465ee728b)
Start importing Assets/SimplePoly City - Low Poly Assets/Textures/Building_Factory.png using Guid(952048546b1814f4480519f6d11e8c3c) Importer(815301076,1909f56bfc062723c751e8b465ee728b)  -> (artifact id: 'fb6b3400be7dbe1538310501420f11a1') in 0.014114 seconds 
========================================================================
Received Import Request.
  Time since last request: 0.000083 seconds.
  path: Assets/SimplePoly City - Low Poly Assets/Textures/Building_House_02_color03.png
  artifactKey: Guid(c8eafda441adc3e46951fc68b9da655a) Importer(815301076,1909f56bfc062723c751e8b465ee728b)
Start importing Assets/SimplePoly City - Low Poly Assets/Textures/Building_House_02_color03.png using Guid(c8eafda441adc3e46951fc68b9da655a) Importer(815301076,1909f56bfc062723c751e8b465ee728b)  -> (artifact id: '865e890d0fc85f605226df5e6602bf88') in 0.016439 seconds 
========================================================================
Received Import Request.
  Time since last request: 0.000033 seconds.
  path: Assets/SimplePoly City - Low Poly Assets/Textures/Building_Auto Service.png
  artifactKey: Guid(b3ce51c34fdf8474d9ec1d87f9433000) Importer(815301076,1909f56bfc062723c751e8b465ee728b)
Start importing Assets/SimplePoly City - Low Poly Assets/Textures/Building_Auto Service.png using Guid(b3ce51c34fdf8474d9ec1d87f9433000) Importer(815301076,1909f56bfc062723c751e8b465ee728b)  -> (artifact id: 'f20552b27351d2dda7094a891a5e820d') in 0.014943 seconds 
========================================================================
Received Import Request.
  Time since last request: 0.000036 seconds.
  path: Assets/SimplePoly City - Low Poly Assets/Textures/Vehicle_Ambulance.png
  artifactKey: Guid(17940d1c2e08c404aa577caf96bbaec2) Importer(815301076,1909f56bfc062723c751e8b465ee728b)
Start importing Assets/SimplePoly City - Low Poly Assets/Textures/Vehicle_Ambulance.png using Guid(17940d1c2e08c404aa577caf96bbaec2) Importer(815301076,1909f56bfc062723c751e8b465ee728b)  -> (artifact id: 'd42f6c20d20f1f7090c1a911617b0d79') in 0.013799 seconds 
========================================================================
Received Import Request.
  Time since last request: 0.000027 seconds.
  path: Assets/SimplePoly City - Low Poly Assets/Textures/Building_Bar.png
  artifactKey: Guid(dcf28aa94c297d441b5bb2e655c5b1a5) Importer(815301076,1909f56bfc062723c751e8b465ee728b)
Start importing Assets/SimplePoly City - Low Poly Assets/Textures/Building_Bar.png using Guid(dcf28aa94c297d441b5bb2e655c5b1a5) Importer(815301076,1909f56bfc062723c751e8b465ee728b)  -> (artifact id: '1f01491887b3418ef034c412d162d0fc') in 0.014989 seconds 
========================================================================
Received Import Request.
  Time since last request: 0.000030 seconds.
  path: Assets/SimplePoly City - Low Poly Assets/Textures/Road Concrete Tile.png
  artifactKey: Guid(41a8ddb58ec5ea540a8a4c19d8cda877) Importer(815301076,1909f56bfc062723c751e8b465ee728b)
Start importing Assets/SimplePoly City - Low Poly Assets/Textures/Road Concrete Tile.png using Guid(41a8ddb58ec5ea540a8a4c19d8cda877) Importer(815301076,1909f56bfc062723c751e8b465ee728b)  -> (artifact id: 'eb5cc29235e337bd08dfef3d90177498') in 0.011534 seconds 
========================================================================
Received Import Request.
  Time since last request: 15.763709 seconds.
  path: Assets/Prefab/Buildings/Building Sky_big_color03.prefab
  artifactKey: Guid(1d3fc70685d97b748ac1264d8da02551) Importer(815301076,1909f56bfc062723c751e8b465ee728b)
Start importing Assets/Prefab/Buildings/Building Sky_big_color03.prefab using Guid(1d3fc70685d97b748ac1264d8da02551) Importer(815301076,1909f56bfc062723c751e8b465ee728b)  -> (artifact id: '1018d85f4b5308f89427c28535370b09') in 0.018492 seconds 
========================================================================
Received Import Request.
  Time since last request: 0.000028 seconds.
  path: Assets/Prefab/Buildings/Building_Bar.prefab
  artifactKey: Guid(3667b1c4d7f532647b9156782c0c80f0) Importer(815301076,1909f56bfc062723c751e8b465ee728b)
Start importing Assets/Prefab/Buildings/Building_Bar.prefab using Guid(3667b1c4d7f532647b9156782c0c80f0) Importer(815301076,1909f56bfc062723c751e8b465ee728b)  -> (artifact id: '4169e64f8b83b0ce25a90d7900824147') in 0.012755 seconds 
========================================================================
Received Import Request.
  Time since last request: 0.000042 seconds.
  path: Assets/Prefab/Buildings/Building_Chicken Shop.prefab
  artifactKey: Guid(8b3eca4c34b9e1148a3c4d42a48dd5b8) Importer(815301076,1909f56bfc062723c751e8b465ee728b)
Start importing Assets/Prefab/Buildings/Building_Chicken Shop.prefab using Guid(8b3eca4c34b9e1148a3c4d42a48dd5b8) Importer(815301076,1909f56bfc062723c751e8b465ee728b)  -> (artifact id: '0e72bca6ff51288e3519045fec98fbb0') in 0.014534 seconds 
========================================================================
Received Import Request.
  Time since last request: 0.000029 seconds.
  path: Assets/Prefab/Buildings/Building_Fruits  Shop.prefab
  artifactKey: Guid(931fa17f0ab17504bbfc8903e54e6a16) Importer(815301076,1909f56bfc062723c751e8b465ee728b)
Start importing Assets/Prefab/Buildings/Building_Fruits  Shop.prefab using Guid(931fa17f0ab17504bbfc8903e54e6a16) Importer(815301076,1909f56bfc062723c751e8b465ee728b)  -> (artifact id: 'bd91839ba577f336f0b50e473620bc7b') in 0.013975 seconds 
========================================================================
Received Import Request.
  Time since last request: 0.000038 seconds.
  path: Assets/Prefab/Buildings/Building_Factory.prefab
  artifactKey: Guid(f6674c1362ba984468bc1e71a2323d66) Importer(815301076,1909f56bfc062723c751e8b465ee728b)
Start importing Assets/Prefab/Buildings/Building_Factory.prefab using Guid(f6674c1362ba984468bc1e71a2323d66) Importer(815301076,1909f56bfc062723c751e8b465ee728b)  -> (artifact id: '5474efdaefb5d563201eb9d471676e64') in 0.018853 seconds 
========================================================================
Received Import Request.
  Time since last request: 0.000041 seconds.
  path: Assets/Prefab/Buildings/Building_House_03_color01.prefab
  artifactKey: Guid(11c264ca1bac5d74d883c776435fa684) Importer(815301076,1909f56bfc062723c751e8b465ee728b)
Start importing Assets/Prefab/Buildings/Building_House_03_color01.prefab using Guid(11c264ca1bac5d74d883c776435fa684) Importer(815301076,1909f56bfc062723c751e8b465ee728b)  -> (artifact id: '3d0500430b09850606737bfaf1503da2') in 0.016404 seconds 
========================================================================
Received Import Request.
  Time since last request: 0.000049 seconds.
  path: Assets/Prefab/Buildings/Building_Residential_color01.prefab
  artifactKey: Guid(921b4e33443ab5943afa3c4841e74cae) Importer(815301076,1909f56bfc062723c751e8b465ee728b)
Start importing Assets/Prefab/Buildings/Building_Residential_color01.prefab using Guid(921b4e33443ab5943afa3c4841e74cae) Importer(815301076,1909f56bfc062723c751e8b465ee728b)  -> (artifact id: '2ea10e325e166d397ba50e6740a97364') in 0.016378 seconds 
========================================================================
Received Import Request.
  Time since last request: 0.000036 seconds.
  path: Assets/Prefab/Buildings/Building_Shoes Shop.prefab
  artifactKey: Guid(52f969fb493f02248ba2e0ab07d6d81f) Importer(815301076,1909f56bfc062723c751e8b465ee728b)
Start importing Assets/Prefab/Buildings/Building_Shoes Shop.prefab using Guid(52f969fb493f02248ba2e0ab07d6d81f) Importer(815301076,1909f56bfc062723c751e8b465ee728b)  -> (artifact id: '7ad364804dc56ba7fe32627b31cf6110') in 0.017334 seconds 
========================================================================
Received Import Request.
  Time since last request: 0.000025 seconds.
  path: Assets/Prefab/Buildings/Building_House_01_color03.prefab
  artifactKey: Guid(92dcd407350173049ab8c86482fadf42) Importer(815301076,1909f56bfc062723c751e8b465ee728b)
Start importing Assets/Prefab/Buildings/Building_House_01_color03.prefab using Guid(92dcd407350173049ab8c86482fadf42) Importer(815301076,1909f56bfc062723c751e8b465ee728b)  -> (artifact id: 'cd696fcb836fcc963a15061ebea6c296') in 0.023596 seconds 
========================================================================
Received Import Request.
  Time since last request: 0.000034 seconds.
  path: Assets/Prefab/Buildings/Building_House_03_color02.prefab
  artifactKey: Guid(e2ffb9183a7dce445adfb3d2d4d7bfd6) Importer(815301076,1909f56bfc062723c751e8b465ee728b)
Start importing Assets/Prefab/Buildings/Building_House_03_color02.prefab using Guid(e2ffb9183a7dce445adfb3d2d4d7bfd6) Importer(815301076,1909f56bfc062723c751e8b465ee728b)  -> (artifact id: '07f42bace8a89b69366e83e6d2cd5ac6') in 0.019975 seconds 
========================================================================
Received Import Request.
  Time since last request: 0.000044 seconds.
  path: Assets/Prefab/Buildings/Building_House_02_color01.prefab
  artifactKey: Guid(142c9543c08ae014bad9d177ad54a989) Importer(815301076,1909f56bfc062723c751e8b465ee728b)
Start importing Assets/Prefab/Buildings/Building_House_02_color01.prefab using Guid(142c9543c08ae014bad9d177ad54a989) Importer(815301076,1909f56bfc062723c751e8b465ee728b)  -> (artifact id: '69cf62a09417e68c95ed68e8b43b59bb') in 0.021142 seconds 
========================================================================
Received Import Request.
  Time since last request: 0.000027 seconds.
  path: Assets/Prefab/Buildings/Building_Stadium.prefab
  artifactKey: Guid(00b78b03851cb0748b61d9005fb73b49) Importer(815301076,1909f56bfc062723c751e8b465ee728b)
Start importing Assets/Prefab/Buildings/Building_Stadium.prefab using Guid(00b78b03851cb0748b61d9005fb73b49) Importer(815301076,1909f56bfc062723c751e8b465ee728b)  -> (artifact id: '7ff2757b662e842765997e89b9f46192') in 0.021483 seconds 
========================================================================
Received Import Request.
  Time since last request: 0.000026 seconds.
  path: Assets/Prefab/Buildings/Building_Residential_color03.prefab
  artifactKey: Guid(0064eb002f3790247969e12119bbf9d2) Importer(815301076,1909f56bfc062723c751e8b465ee728b)
Start importing Assets/Prefab/Buildings/Building_Residential_color03.prefab using Guid(0064eb002f3790247969e12119bbf9d2) Importer(815301076,1909f56bfc062723c751e8b465ee728b)  -> (artifact id: '7dc52d3ca11587ac994cecb650f11bbc') in 0.016637 seconds 
========================================================================
Received Import Request.
  Time since last request: 0.000040 seconds.
  path: Assets/Prefab/Buildings/Building_Clothing.prefab
  artifactKey: Guid(0c7bcaa85c9494849bc7a0a18b7f3324) Importer(815301076,1909f56bfc062723c751e8b465ee728b)
Start importing Assets/Prefab/Buildings/Building_Clothing.prefab using Guid(0c7bcaa85c9494849bc7a0a18b7f3324) Importer(815301076,1909f56bfc062723c751e8b465ee728b)  -> (artifact id: 'b97dfd0c95904cff74c9d7b1b80f9038') in 0.015211 seconds 
========================================================================
Received Import Request.
  Time since last request: 3.046013 seconds.
  path: Assets/Prefab/Natures/Natures_Bush_02.prefab
  artifactKey: Guid(f75f232634166cc459a69e7fd7a30880) Importer(815301076,1909f56bfc062723c751e8b465ee728b)
Start importing Assets/Prefab/Natures/Natures_Bush_02.prefab using Guid(f75f232634166cc459a69e7fd7a30880) Importer(815301076,1909f56bfc062723c751e8b465ee728b)  -> (artifact id: 'd7219cd502f9a4943c29feaab5b06c91') in 0.018127 seconds 
========================================================================
Received Import Request.
  Time since last request: 0.000030 seconds.
  path: Assets/Prefab/Natures/Natures_Rock_Big.prefab
  artifactKey: Guid(dac1a631b172e66469fb09e9987bcf57) Importer(815301076,1909f56bfc062723c751e8b465ee728b)
Start importing Assets/Prefab/Natures/Natures_Rock_Big.prefab using Guid(dac1a631b172e66469fb09e9987bcf57) Importer(815301076,1909f56bfc062723c751e8b465ee728b)  -> (artifact id: '75256930a3431f79376d7ec258fe00f5') in 0.015767 seconds 
========================================================================
Received Import Request.
  Time since last request: 0.000031 seconds.
  path: Assets/Prefab/Natures/Natures_Rock_small.prefab
  artifactKey: Guid(9ec25066ec33fa84d9227e27c5f5a8a0) Importer(815301076,1909f56bfc062723c751e8b465ee728b)
Start importing Assets/Prefab/Natures/Natures_Rock_small.prefab using Guid(9ec25066ec33fa84d9227e27c5f5a8a0) Importer(815301076,1909f56bfc062723c751e8b465ee728b)  -> (artifact id: 'e2d32778aa4393b529b626ff1e312cf8') in 0.013078 seconds 
========================================================================
Received Import Request.
  Time since last request: 0.000032 seconds.
  path: Assets/Prefab/Natures/Natures_Fir Tree.prefab
  artifactKey: Guid(2509cc5763ca17f4598bf61fd585a93e) Importer(815301076,1909f56bfc062723c751e8b465ee728b)
Start importing Assets/Prefab/Natures/Natures_Fir Tree.prefab using Guid(2509cc5763ca17f4598bf61fd585a93e) Importer(815301076,1909f56bfc062723c751e8b465ee728b)  -> (artifact id: '995d3b78b9f9ccbdab7d03ac5fdc7bef') in 0.025003 seconds 
========================================================================
Received Import Request.
  Time since last request: 0.000041 seconds.
  path: Assets/Prefab/Natures/Natures_Grass Tile Small.prefab
  artifactKey: Guid(1b0084fb56aeb6e4e90f88a0def84cf0) Importer(815301076,1909f56bfc062723c751e8b465ee728b)
Start importing Assets/Prefab/Natures/Natures_Grass Tile Small.prefab using Guid(1b0084fb56aeb6e4e90f88a0def84cf0) Importer(815301076,1909f56bfc062723c751e8b465ee728b)  -> (artifact id: '22660266a88c17cf14e4c8a8ee1718cd') in 0.010418 seconds 
Editor requested this worker to shutdown with reason: Scaling down because of idle timeout
AssetImportWorker is now disconnected from the server
Process exiting
Exiting without the bug reporter. Application will terminate with return code 0