Using pre-set license
Built from '2021.3/staging' branch; Version is '2021.3.6f1 (7da38d85baf6) revision 8233869'; Using compiler version '192829333'; Build Type 'Release'
OS: 'Windows 11  (10.0.22631) 64bit Core' Language: 'es' Physical Memory: 16122 MB
BatchMode: 1, IsHumanControllingUs: 0, StartBugReporterOnCrash: 0, Is64bit: 1, IsPro: 1

COMMAND LINE ARGUMENTS:
C:\Program Files\Unity 2021.3.6f1\Editor\Unity.exe
-adb2
-batchMode
-noUpm
-name
AssetImportWorker1
-projectPath
C:/Users/cholo/Documents/uni/CP/Repositorio Github/PracticaCP/TraficoCP
-logFile
Logs/AssetImportWorker1.log
-srvPort
58659
Successfully changed project path to: C:/Users/cholo/Documents/uni/CP/Repositorio Github/PracticaCP/TraficoCP
C:/Users/cholo/Documents/uni/CP/Repositorio Github/PracticaCP/TraficoCP
[UnityMemory] Configuration Parameters - Can be set up in boot.config
    "memorysetup-bucket-allocator-granularity=16"
    "memorysetup-bucket-allocator-bucket-count=8"
    "memorysetup-bucket-allocator-block-size=33554432"
    "memorysetup-bucket-allocator-block-count=8"
    "memorysetup-main-allocator-block-size=16777216"
    "memorysetup-thread-allocator-block-size=16777216"
    "memorysetup-gfx-main-allocator-block-size=16777216"
    "memorysetup-gfx-thread-allocator-block-size=16777216"
    "memorysetup-cache-allocator-block-size=4194304"
    "memorysetup-typetree-allocator-block-size=2097152"
    "memorysetup-profiler-bucket-allocator-granularity=16"
    "memorysetup-profiler-bucket-allocator-bucket-count=8"
    "memorysetup-profiler-bucket-allocator-block-size=33554432"
    "memorysetup-profiler-bucket-allocator-block-count=8"
    "memorysetup-profiler-allocator-block-size=16777216"
    "memorysetup-profiler-editor-allocator-block-size=1048576"
    "memorysetup-temp-allocator-size-main=16777216"
    "memorysetup-job-temp-allocator-block-size=2097152"
    "memorysetup-job-temp-allocator-block-size-background=1048576"
    "memorysetup-job-temp-allocator-reduction-small-platforms=262144"
    "memorysetup-temp-allocator-size-background-worker=32768"
    "memorysetup-temp-allocator-size-job-worker=262144"
    "memorysetup-temp-allocator-size-preload-manager=33554432"
    "memorysetup-temp-allocator-size-nav-mesh-worker=65536"
    "memorysetup-temp-allocator-size-audio-worker=65536"
    "memorysetup-temp-allocator-size-cloud-worker=32768"
    "memorysetup-temp-allocator-size-gi-baking-worker=262144"
    "memorysetup-temp-allocator-size-gfx=262144"
Refreshing native plugins compatible for Editor in 77.64 ms, found 3 plugins.
Preloading 0 native plugins for Editor in 0.00 ms.
Initialize engine version: 2021.3.6f1 (7da38d85baf6)
[Subsystems] Discovering subsystems at path C:/Program Files/Unity 2021.3.6f1/Editor/Data/Resources/UnitySubsystems
[Subsystems] Discovering subsystems at path C:/Users/cholo/Documents/uni/CP/Repositorio Github/PracticaCP/TraficoCP/Assets
GfxDevice: creating device client; threaded=0; jobified=0
Direct3D:
    Version:  Direct3D 11.0 [level 11.1]
    Renderer: NVIDIA GeForce RTX 3050 Laptop GPU (ID=0x25a2)
    Vendor:   NVIDIA
    VRAM:     3977 MB
    Driver:   31.0.15.3161
Initialize mono
Mono path[0] = 'C:/Program Files/Unity 2021.3.6f1/Editor/Data/Managed'
Mono path[1] = 'C:/Program Files/Unity 2021.3.6f1/Editor/Data/MonoBleedingEdge/lib/mono/unityjit-win32'
Mono config path = 'C:/Program Files/Unity 2021.3.6f1/Editor/Data/MonoBleedingEdge/etc'
Using monoOptions --debugger-agent=transport=dt_socket,embedding=1,server=y,suspend=n,address=127.0.0.1:56524
Begin MonoManager ReloadAssembly
Registering precompiled unity dll's ...
Register platform support module: C:/Program Files/Unity 2021.3.6f1/Editor/Data/PlaybackEngines/WindowsStandaloneSupport/UnityEditor.WindowsStandalone.Extensions.dll
Registered in 0.002467 seconds.
Native extension for WindowsStandalone target not found
Refreshing native plugins compatible for Editor in 78.29 ms, found 3 plugins.
Preloading 0 native plugins for Editor in 0.00 ms.
Mono: successfully reloaded assembly
- Completed reload, in  0.530 seconds
Domain Reload Profiling:
	ReloadAssembly (530ms)
		BeginReloadAssembly (59ms)
			ExecutionOrderSort (0ms)
			DisableScriptedObjects (0ms)
			BackupInstance (0ms)
			ReleaseScriptingObjects (0ms)
			CreateAndSetChildDomain (1ms)
		EndReloadAssembly (385ms)
			LoadAssemblies (57ms)
			RebuildTransferFunctionScriptingTraits (0ms)
			SetupTypeCache (84ms)
			ReleaseScriptCaches (0ms)
			RebuildScriptCaches (25ms)
			SetupLoadedEditorAssemblies (235ms)
				LogAssemblyErrors (0ms)
				InitializePlatformSupportModulesInManaged (6ms)
				SetLoadedEditorAssemblies (0ms)
				RefreshPlugins (78ms)
				BeforeProcessingInitializeOnLoad (1ms)
				ProcessInitializeOnLoadAttributes (112ms)
				ProcessInitializeOnLoadMethodAttributes (38ms)
				AfterProcessingInitializeOnLoad (0ms)
				EditorAssembliesLoaded (0ms)
			ExecutionOrderSort2 (0ms)
			AwakeInstancesAfterBackupRestoration (0ms)
Platform modules already initialized, skipping
Registering precompiled user dll's ...
Registered in 0.003887 seconds.
Begin MonoManager ReloadAssembly
Symbol file LoadedFromMemory doesn't match image C:\Users\cholo\Documents\uni\CP\Repositorio Github\PracticaCP\TraficoCP\Library\PackageCache\com.unity.visualscripting@1.7.8\Editor\VisualScripting.Core\Dependencies\YamlDotNet\Unity.VisualScripting.YamlDotNet.dll
Symbol file LoadedFromMemory doesn't match image C:\Users\cholo\Documents\uni\CP\Repositorio Github\PracticaCP\TraficoCP\Library\PackageCache\com.unity.visualscripting@1.7.8\Editor\VisualScripting.Core\Dependencies\DotNetZip\Unity.VisualScripting.IonicZip.dll
Native extension for WindowsStandalone target not found
Refreshing native plugins compatible for Editor in 0.60 ms, found 3 plugins.
Preloading 0 native plugins for Editor in 0.00 ms.
Mono: successfully reloaded assembly
- Completed reload, in  0.890 seconds
Domain Reload Profiling:
	ReloadAssembly (891ms)
		BeginReloadAssembly (91ms)
			ExecutionOrderSort (0ms)
			DisableScriptedObjects (6ms)
			BackupInstance (0ms)
			ReleaseScriptingObjects (0ms)
			CreateAndSetChildDomain (17ms)
		EndReloadAssembly (702ms)
			LoadAssemblies (69ms)
			RebuildTransferFunctionScriptingTraits (0ms)
			SetupTypeCache (214ms)
			ReleaseScriptCaches (1ms)
			RebuildScriptCaches (43ms)
			SetupLoadedEditorAssemblies (337ms)
				LogAssemblyErrors (0ms)
				InitializePlatformSupportModulesInManaged (5ms)
				SetLoadedEditorAssemblies (0ms)
				RefreshPlugins (1ms)
				BeforeProcessingInitializeOnLoad (80ms)
				ProcessInitializeOnLoadAttributes (221ms)
				ProcessInitializeOnLoadMethodAttributes (25ms)
				AfterProcessingInitializeOnLoad (5ms)
				EditorAssembliesLoaded (0ms)
			ExecutionOrderSort2 (0ms)
			AwakeInstancesAfterBackupRestoration (5ms)
Platform modules already initialized, skipping
========================================================================
Worker process is ready to serve import requests
Launched and connected shader compiler UnityShaderCompiler.exe after 0.04 seconds
Refreshing native plugins compatible for Editor in 0.64 ms, found 3 plugins.
Preloading 0 native plugins for Editor in 0.00 ms.
Unloading 3673 Unused Serialized files (Serialized files now loaded: 0)
Unloading 27 unused Assets / (111.4 KB). Loaded Objects now: 4132.
Memory consumption went from 126.6 MB to 126.5 MB.
Total: 3.077600 ms (FindLiveObjects: 0.370800 ms CreateObjectMapping: 0.103100 ms MarkObjects: 2.488200 ms  DeleteObjects: 0.113600 ms)

AssetImportParameters requested are different than current active one (requested -> active):
  custom:video-decoder-ogg-theora: a1e56fd34408186e4bbccfd4996cb3dc -> 
  custom:container-muxer-webm: aa71ff27fc2769a1b78a27578f13a17b -> 
  custom:container-demuxer-webm: 4f35f7cbe854078d1ac9338744f61a02 -> 
  custom:video-encoder-webm-vp8: eb34c28f22e8b96e1ab97ce403110664 -> 
  custom:video-codec-MediaFoundation-h265: 746d11721c4dcdbdad8f713fa42b33f4 -> 
  custom:audio-encoder-webm-vorbis: bf7c407c2cedff20999df2af8eb42d56 -> 
  custom:framework-win-MediaFoundation: 216162199b28c13a410421893ffa2e32 -> 
  custom:container-demuxer-ogg: 62fdf1f143b41e24485cea50d1cbac27 -> 
  custom:video-decoder-webm-vp8: 9c59270c3fd7afecdb556c50c9e8de78 -> 
  custom:audio-decoder-ogg-vorbis: bf7c407c2cedff20999df2af8eb42d56 -> 
========================================================================
Received Import Request.
  Time since last request: 399106.224845 seconds.
  path: ProjectSettings/TagManager.asset
  artifactKey: Guid(00000000000000003000000000000000) Importer(815301076,1909f56bfc062723c751e8b465ee728b)
Start importing ProjectSettings/TagManager.asset using Guid(00000000000000003000000000000000) Importer(815301076,1909f56bfc062723c751e8b465ee728b)  -> (artifact id: '5f74b9f0782f3ffe8a654b2b60a9f33c') in 0.046582 seconds 
========================================================================
Received Import Request.
  Time since last request: 2314.309618 seconds.
  path: Assets/BehaviourAPI Unity Package/Demo/FSM + FSM - Radar/Models/ambulance.fbx
  artifactKey: Guid(dede0bc757807f244be9d02171ea310f) Importer(815301076,1909f56bfc062723c751e8b465ee728b)
Start importing Assets/BehaviourAPI Unity Package/Demo/FSM + FSM - Radar/Models/ambulance.fbx using Guid(dede0bc757807f244be9d02171ea310f) Importer(815301076,1909f56bfc062723c751e8b465ee728b)  -> (artifact id: '5cfdeeba2e2f37d50d55666485fec958') in 0.312804 seconds 
========================================================================
Received Import Request.
  Time since last request: 0.000090 seconds.
  path: Assets/BehaviourAPI Unity Package/Demo/FSM + BT - House and Enemy/Prefabs/Bad boy.prefab
  artifactKey: Guid(c9634289332e88d47979b90200e770ed) Importer(815301076,1909f56bfc062723c751e8b465ee728b)
Start importing Assets/BehaviourAPI Unity Package/Demo/FSM + BT - House and Enemy/Prefabs/Bad boy.prefab using Guid(c9634289332e88d47979b90200e770ed) Importer(815301076,1909f56bfc062723c751e8b465ee728b)  -> (artifact id: '1a4ba0db576da8b51ad2aaf4abffa8cc') in 0.052527 seconds 
========================================================================
Received Import Request.
  Time since last request: 0.078758 seconds.
  path: Assets/BehaviourAPI Unity Package/Demo/SmartObjects/Models/bedDouble.fbx
  artifactKey: Guid(9faf1464fd07624459ab5b6f60c51d6b) Importer(815301076,1909f56bfc062723c751e8b465ee728b)
Start importing Assets/BehaviourAPI Unity Package/Demo/SmartObjects/Models/bedDouble.fbx using Guid(9faf1464fd07624459ab5b6f60c51d6b) Importer(815301076,1909f56bfc062723c751e8b465ee728b)  -> (artifact id: '0599c526ca46569a6d73df747d628981') in 0.066558 seconds 
========================================================================
Received Import Request.
  Time since last request: 0.000030 seconds.
  path: Assets/BehaviourAPI Unity Package/GUI Designer/Runtime/BehaviourAPI.UnityToolkit.GUIDesigner.Runtime.asmdef
  artifactKey: Guid(f65e8d13edb2c9e45a31667b2844f592) Importer(815301076,1909f56bfc062723c751e8b465ee728b)
Start importing Assets/BehaviourAPI Unity Package/GUI Designer/Runtime/BehaviourAPI.UnityToolkit.GUIDesigner.Runtime.asmdef using Guid(f65e8d13edb2c9e45a31667b2844f592) Importer(815301076,1909f56bfc062723c751e8b465ee728b)  -> (artifact id: '71777f7fdff475bdd5d4ea4b8ab59422') in 0.009657 seconds 
========================================================================
Received Import Request.
  Time since last request: 0.000041 seconds.
  path: Assets/BehaviourAPI Unity Package/Behaviour API/C# API/BehaviourTrees/BehaviourAPI.BehaviourTrees.asmdef
  artifactKey: Guid(419431879464d2141a7bc7dc6339f485) Importer(815301076,1909f56bfc062723c751e8b465ee728b)
Start importing Assets/BehaviourAPI Unity Package/Behaviour API/C# API/BehaviourTrees/BehaviourAPI.BehaviourTrees.asmdef using Guid(419431879464d2141a7bc7dc6339f485) Importer(815301076,1909f56bfc062723c751e8b465ee728b)  -> (artifact id: '28d74177187dafe0f09f20568f3ad800') in 0.008561 seconds 
========================================================================
Received Import Request.
  Time since last request: 0.000031 seconds.
  path: Assets/BehaviourAPI Unity Package/GUI Designer/Framework/BehaviourAPI.UnityToolkit.GUIDesigner.Framework.asmdef
  artifactKey: Guid(b38173b076f1ac646a7a5b1c6e5be5cc) Importer(815301076,1909f56bfc062723c751e8b465ee728b)
Start importing Assets/BehaviourAPI Unity Package/GUI Designer/Framework/BehaviourAPI.UnityToolkit.GUIDesigner.Framework.asmdef using Guid(b38173b076f1ac646a7a5b1c6e5be5cc) Importer(815301076,1909f56bfc062723c751e8b465ee728b)  -> (artifact id: '0a34cd5b52d8788652443876d505e71a') in 0.008942 seconds 
========================================================================
Received Import Request.
  Time since last request: 0.000028 seconds.
  path: Assets/BehaviourAPI Unity Package/Demo/SmartObjects/Models/benchCushion.fbx
  artifactKey: Guid(b90c8901f05d338429dbb042f54e4520) Importer(815301076,1909f56bfc062723c751e8b465ee728b)
Start importing Assets/BehaviourAPI Unity Package/Demo/SmartObjects/Models/benchCushion.fbx using Guid(b90c8901f05d338429dbb042f54e4520) Importer(815301076,1909f56bfc062723c751e8b465ee728b)  -> (artifact id: 'c014fdb450e1b5a097fa1cfedae7928e') in 0.035435 seconds 
========================================================================
Received Import Request.
  Time since last request: 0.000025 seconds.
  path: Assets/BehaviourAPI Unity Package/Behaviour API/UnityToolkit/Editor/BehaviourAPI.UnityToolkit.Editor.asmdef
  artifactKey: Guid(d1ed91b201c9bcb438fa1a248e0c6885) Importer(815301076,1909f56bfc062723c751e8b465ee728b)
Start importing Assets/BehaviourAPI Unity Package/Behaviour API/UnityToolkit/Editor/BehaviourAPI.UnityToolkit.Editor.asmdef using Guid(d1ed91b201c9bcb438fa1a248e0c6885) Importer(815301076,1909f56bfc062723c751e8b465ee728b)  -> (artifact id: '1dd445e55fa2a7946fe834189ad1d0de') in 0.006994 seconds 
========================================================================
Received Import Request.
  Time since last request: 0.000063 seconds.
  path: Assets/BehaviourAPI Unity Package/Behaviour API/UnityToolkit/BehaviourAPI.UnityToolkit.asmdef
  artifactKey: Guid(ffb0f7a8fe68cd348b9342f5caf8d7bc) Importer(815301076,1909f56bfc062723c751e8b465ee728b)
Start importing Assets/BehaviourAPI Unity Package/Behaviour API/UnityToolkit/BehaviourAPI.UnityToolkit.asmdef using Guid(ffb0f7a8fe68cd348b9342f5caf8d7bc) Importer(815301076,1909f56bfc062723c751e8b465ee728b)  -> (artifact id: '6cfe67ab63d8493bed0ff7a9053e304f') in 0.006470 seconds 
========================================================================
Received Import Request.
  Time since last request: 0.000050 seconds.
  path: Assets/BehaviourAPI Unity Package/Behaviour API/C# API/SmartObjects/BehaviourAPI.SmartObjects.asmdef
  artifactKey: Guid(fe216bc6a49a4244ba0496ade8716dbc) Importer(815301076,1909f56bfc062723c751e8b465ee728b)
Start importing Assets/BehaviourAPI Unity Package/Behaviour API/C# API/SmartObjects/BehaviourAPI.SmartObjects.asmdef using Guid(fe216bc6a49a4244ba0496ade8716dbc) Importer(815301076,1909f56bfc062723c751e8b465ee728b)  -> (artifact id: '577fa1c85c0921e8721c82898b842270') in 0.009177 seconds 
========================================================================
Received Import Request.
  Time since last request: 0.000034 seconds.
  path: Assets/BehaviourAPI Unity Package/Behaviour API/C# API/UtilitySystems/BehaviourAPI.UtilitySystems.asmdef
  artifactKey: Guid(69370cd073804c541a04996cb5306b49) Importer(815301076,1909f56bfc062723c751e8b465ee728b)
Start importing Assets/BehaviourAPI Unity Package/Behaviour API/C# API/UtilitySystems/BehaviourAPI.UtilitySystems.asmdef using Guid(69370cd073804c541a04996cb5306b49) Importer(815301076,1909f56bfc062723c751e8b465ee728b)  -> (artifact id: '81cd762025c7edfcd4bd47913c1bbcb5') in 0.008229 seconds 
========================================================================
Received Import Request.
  Time since last request: 0.000034 seconds.
  path: Assets/BehaviourAPI Unity Package/GUI Designer/Editor/Resources/uxml/Windows/behavioursystemeditorwindow.uxml
  artifactKey: Guid(f2eeedf19fd77544384b522a51ca9d39) Importer(815301076,1909f56bfc062723c751e8b465ee728b)
Start importing Assets/BehaviourAPI Unity Package/GUI Designer/Editor/Resources/uxml/Windows/behavioursystemeditorwindow.uxml using Guid(f2eeedf19fd77544384b522a51ca9d39) Importer(815301076,1909f56bfc062723c751e8b465ee728b)  -> (artifact id: '7fb22ea11e726db851e42db07805b877') in 0.049557 seconds 
========================================================================
Received Import Request.
  Time since last request: 0.000053 seconds.
  path: Assets/BehaviourAPI Unity Package/Demo/SmartObjects/Prefabs/SO_Bed_Double.prefab
  artifactKey: Guid(f551d51157e54e543b497c23af4bf98c) Importer(815301076,1909f56bfc062723c751e8b465ee728b)
Start importing Assets/BehaviourAPI Unity Package/Demo/SmartObjects/Prefabs/SO_Bed_Double.prefab using Guid(f551d51157e54e543b497c23af4bf98c) Importer(815301076,1909f56bfc062723c751e8b465ee728b)  -> (artifact id: '7e18e08a51700ea143830af58b3497c4') in 0.017704 seconds 
========================================================================
Received Import Request.
  Time since last request: 0.000033 seconds.
  path: Assets/BehaviourAPI Unity Package/Demo/BT - Fishing/Textures/Cartoon_water_Albedo.png
  artifactKey: Guid(c90e113aa1d891144b26cd289d8302b2) Importer(815301076,1909f56bfc062723c751e8b465ee728b)
Start importing Assets/BehaviourAPI Unity Package/Demo/BT - Fishing/Textures/Cartoon_water_Albedo.png using Guid(c90e113aa1d891144b26cd289d8302b2) Importer(815301076,1909f56bfc062723c751e8b465ee728b)  -> (artifact id: '2d7d99796a960d8cad111c77f50a7074') in 0.036959 seconds 
========================================================================
Received Import Request.
  Time since last request: 0.000045 seconds.
  path: Assets/BehaviourAPI Unity Package/Demo/BT - Fishing/Textures/fishing_rod_albedo.png
  artifactKey: Guid(37d570613d01e254ab560adb54e514ab) Importer(815301076,1909f56bfc062723c751e8b465ee728b)
Start importing Assets/BehaviourAPI Unity Package/Demo/BT - Fishing/Textures/fishing_rod_albedo.png using Guid(37d570613d01e254ab560adb54e514ab) Importer(815301076,1909f56bfc062723c751e8b465ee728b)  -> (artifact id: '8be1010307aea68726a2da60e819bc7c') in 0.021544 seconds 
========================================================================
Received Import Request.
  Time since last request: 0.000034 seconds.
  path: Assets/BehaviourAPI Unity Package/Demo/SmartObjects/Prefabs/SO_Bed.prefab
  artifactKey: Guid(09617470e09818844aef8a040bfa33be) Importer(815301076,1909f56bfc062723c751e8b465ee728b)
Start importing Assets/BehaviourAPI Unity Package/Demo/SmartObjects/Prefabs/SO_Bed.prefab using Guid(09617470e09818844aef8a040bfa33be) Importer(815301076,1909f56bfc062723c751e8b465ee728b)  -> (artifact id: '18313c110aa014800e1ebee20ce61460') in 0.027320 seconds 
========================================================================
Received Import Request.
  Time since last request: 0.000032 seconds.
  path: Assets/BehaviourAPI Unity Package/Demo/SmartObjects/Models/cabinetBedDrawer.fbx
  artifactKey: Guid(056b9691a1d9be94b813a95f9c71f4ec) Importer(815301076,1909f56bfc062723c751e8b465ee728b)
Start importing Assets/BehaviourAPI Unity Package/Demo/SmartObjects/Models/cabinetBedDrawer.fbx using Guid(056b9691a1d9be94b813a95f9c71f4ec) Importer(815301076,1909f56bfc062723c751e8b465ee728b)  -> (artifact id: '206261472d9faea49e05e42448509f66') in 0.056481 seconds 
========================================================================
Received Import Request.
  Time since last request: 0.000021 seconds.
  path: Assets/BehaviourAPI Unity Package/Demo/SmartObjects/Models/bedSingle.fbx
  artifactKey: Guid(f66dafed77d71bb459e1051636b4945a) Importer(815301076,1909f56bfc062723c751e8b465ee728b)
Start importing Assets/BehaviourAPI Unity Package/Demo/SmartObjects/Models/bedSingle.fbx using Guid(f66dafed77d71bb459e1051636b4945a) Importer(815301076,1909f56bfc062723c751e8b465ee728b)  -> (artifact id: '7bd7a2e959794ab4e2622a1dbc4f0713') in 0.054080 seconds 
========================================================================
Received Import Request.
  Time since last request: 0.000028 seconds.
  path: Assets/BehaviourAPI Unity Package/Behaviour API/C# API/StateMachines/BehaviourAPI.StateMachines.asmdef
  artifactKey: Guid(a5f3f1652a2bf024ea00fa9ef872705d) Importer(815301076,1909f56bfc062723c751e8b465ee728b)
Start importing Assets/BehaviourAPI Unity Package/Behaviour API/C# API/StateMachines/BehaviourAPI.StateMachines.asmdef using Guid(a5f3f1652a2bf024ea00fa9ef872705d) Importer(815301076,1909f56bfc062723c751e8b465ee728b)  -> (artifact id: '0e9a14985f115fd691d85f7670f6bb62') in 0.007744 seconds 
========================================================================
Received Import Request.
  Time since last request: 0.000049 seconds.
  path: Assets/BehaviourAPI Unity Package/Behaviour API/C# API/Core/BehaviourAPI.Core.asmdef
  artifactKey: Guid(b5c267a5d5186c14faa2c049b82a2a28) Importer(815301076,1909f56bfc062723c751e8b465ee728b)
Start importing Assets/BehaviourAPI Unity Package/Behaviour API/C# API/Core/BehaviourAPI.Core.asmdef using Guid(b5c267a5d5186c14faa2c049b82a2a28) Importer(815301076,1909f56bfc062723c751e8b465ee728b)  -> (artifact id: '72a575650da50710924d2550b08d9e50') in 0.008442 seconds 
Editor requested this worker to shutdown with reason: Scaling down because of idle timeout
AssetImportWorker is now disconnected from the server
Process exiting
Exiting without the bug reporter. Application will terminate with return code 0